[2025-06-18T13:53:29.041+0000] {local_task_job_runner.py:120} INFO - ::group::Pre task execution logs
[2025-06-18T13:53:29.122+0000] {taskinstance.py:2076} INFO - Dependencies all met for dep_context=non-requeueable deps ti=<TaskInstance: lakehouse_ingest_pipeline.produce_csv_to_kafka manual__2025-06-18T13:53:27.723368+00:00 [queued]>
[2025-06-18T13:53:29.137+0000] {taskinstance.py:2076} INFO - Dependencies all met for dep_context=requeueable deps ti=<TaskInstance: lakehouse_ingest_pipeline.produce_csv_to_kafka manual__2025-06-18T13:53:27.723368+00:00 [queued]>
[2025-06-18T13:53:29.138+0000] {taskinstance.py:2306} INFO - Starting attempt 1 of 2
[2025-06-18T13:53:29.159+0000] {taskinstance.py:2330} INFO - Executing <Task(BashOperator): produce_csv_to_kafka> on 2025-06-18 13:53:27.723368+00:00
[2025-06-18T13:53:29.184+0000] {logging_mixin.py:188} WARNING - /home/***/.local/lib/python3.12/site-packages/***/task/task_runner/standard_task_runner.py:61 DeprecationWarning: This process (pid=220) is multi-threaded, use of fork() may lead to deadlocks in the child.
[2025-06-18T13:53:29.190+0000] {standard_task_runner.py:63} INFO - Started process 221 to run task
[2025-06-18T13:53:29.184+0000] {standard_task_runner.py:90} INFO - Running: ['***', 'tasks', 'run', 'lakehouse_ingest_pipeline', 'produce_csv_to_kafka', 'manual__2025-06-18T13:53:27.723368+00:00', '--job-id', '11', '--raw', '--subdir', 'DAGS_FOLDER/lakehouse_ingest_pipeline.py', '--cfg-path', '/tmp/tmp_wnxu4vj']
[2025-06-18T13:53:29.194+0000] {standard_task_runner.py:91} INFO - Job 11: Subtask produce_csv_to_kafka
[2025-06-18T13:53:29.248+0000] {logging_mixin.py:188} WARNING - /home/***/.local/lib/python3.12/site-packages/***/settings.py:195 DeprecationWarning: The sql_alchemy_conn option in [core] has been moved to the sql_alchemy_conn option in [database] - the old setting has been used, but please update your config.
[2025-06-18T13:53:29.408+0000] {task_command.py:426} INFO - Running <TaskInstance: lakehouse_ingest_pipeline.produce_csv_to_kafka manual__2025-06-18T13:53:27.723368+00:00 [running]> on host f39ffebced54
[2025-06-18T13:53:29.555+0000] {taskinstance.py:2648} INFO - Exporting env vars: AIRFLOW_CTX_DAG_OWNER='***' AIRFLOW_CTX_DAG_ID='lakehouse_ingest_pipeline' AIRFLOW_CTX_TASK_ID='produce_csv_to_kafka' AIRFLOW_CTX_EXECUTION_DATE='2025-06-18T13:53:27.723368+00:00' AIRFLOW_CTX_TRY_NUMBER='1' AIRFLOW_CTX_DAG_RUN_ID='manual__2025-06-18T13:53:27.723368+00:00'
[2025-06-18T13:53:29.556+0000] {taskinstance.py:430} INFO - ::endgroup::
[2025-06-18T13:53:29.577+0000] {subprocess.py:63} INFO - Tmp dir root location: /tmp
[2025-06-18T13:53:29.578+0000] {subprocess.py:75} INFO - Running command: ['/usr/bin/bash', '-c', 'python /opt/***/tools/produce_csv_to_kafka.py --bootstrap-server kafka:9092 --topic footware_sales --file /opt/***/data/FootWare_Sales_Dataset/FootWare_Wholesale_Sales_Dataset.csv']
[2025-06-18T13:53:29.587+0000] {subprocess.py:86} INFO - Output:
[2025-06-18T13:53:31.620+0000] {subprocess.py:97} INFO - Command exited with return code 0
[2025-06-18T13:53:31.621+0000] {taskinstance.py:441} INFO - ::group::Post task execution logs
[2025-06-18T13:53:31.655+0000] {taskinstance.py:1206} INFO - Marking task as SUCCESS. dag_id=lakehouse_ingest_pipeline, task_id=produce_csv_to_kafka, run_id=manual__2025-06-18T13:53:27.723368+00:00, execution_date=20250618T135327, start_date=20250618T135329, end_date=20250618T135331
[2025-06-18T13:53:31.698+0000] {local_task_job_runner.py:240} INFO - Task exited with return code 0
[2025-06-18T13:53:31.725+0000] {taskinstance.py:3503} INFO - 1 downstream tasks scheduled from follow-on schedule check
[2025-06-18T13:53:31.727+0000] {local_task_job_runner.py:222} INFO - ::endgroup::
