[2025-06-18T14:14:54.639+0000] {local_task_job_runner.py:120} INFO - ::group::Pre task execution logs
[2025-06-18T14:14:54.702+0000] {taskinstance.py:2076} INFO - Dependencies all met for dep_context=non-requeueable deps ti=<TaskInstance: lakehouse_ingest_pipeline.spark_streaming_bronze manual__2025-06-18T14:14:50.261120+00:00 [queued]>
[2025-06-18T14:14:54.716+0000] {taskinstance.py:2076} INFO - Dependencies all met for dep_context=requeueable deps ti=<TaskInstance: lakehouse_ingest_pipeline.spark_streaming_bronze manual__2025-06-18T14:14:50.261120+00:00 [queued]>
[2025-06-18T14:14:54.717+0000] {taskinstance.py:2306} INFO - Starting attempt 1 of 2
[2025-06-18T14:14:54.739+0000] {taskinstance.py:2330} INFO - Executing <Task(BashOperator): spark_streaming_bronze> on 2025-06-18 14:14:50.261120+00:00
[2025-06-18T14:14:54.751+0000] {logging_mixin.py:188} WARNING - /home/***/.local/lib/python3.12/site-packages/***/task/task_runner/standard_task_runner.py:61 DeprecationWarning: This process (pid=178) is multi-threaded, use of fork() may lead to deadlocks in the child.
[2025-06-18T14:14:54.753+0000] {standard_task_runner.py:63} INFO - Started process 179 to run task
[2025-06-18T14:14:54.752+0000] {standard_task_runner.py:90} INFO - Running: ['***', 'tasks', 'run', 'lakehouse_ingest_pipeline', 'spark_streaming_bronze', 'manual__2025-06-18T14:14:50.261120+00:00', '--job-id', '19', '--raw', '--subdir', 'DAGS_FOLDER/lakehouse_ingest_pipeline.py', '--cfg-path', '/tmp/tmp4rbc34k4']
[2025-06-18T14:14:54.756+0000] {standard_task_runner.py:91} INFO - Job 19: Subtask spark_streaming_bronze
[2025-06-18T14:14:54.772+0000] {logging_mixin.py:188} WARNING - /home/***/.local/lib/python3.12/site-packages/***/settings.py:195 DeprecationWarning: The sql_alchemy_conn option in [core] has been moved to the sql_alchemy_conn option in [database] - the old setting has been used, but please update your config.
[2025-06-18T14:14:54.822+0000] {task_command.py:426} INFO - Running <TaskInstance: lakehouse_ingest_pipeline.spark_streaming_bronze manual__2025-06-18T14:14:50.261120+00:00 [running]> on host 7aad3b6a01bd
[2025-06-18T14:14:54.920+0000] {taskinstance.py:2648} INFO - Exporting env vars: AIRFLOW_CTX_DAG_OWNER='***' AIRFLOW_CTX_DAG_ID='lakehouse_ingest_pipeline' AIRFLOW_CTX_TASK_ID='spark_streaming_bronze' AIRFLOW_CTX_EXECUTION_DATE='2025-06-18T14:14:50.261120+00:00' AIRFLOW_CTX_TRY_NUMBER='1' AIRFLOW_CTX_DAG_RUN_ID='manual__2025-06-18T14:14:50.261120+00:00'
[2025-06-18T14:14:54.921+0000] {taskinstance.py:430} INFO - ::endgroup::
[2025-06-18T14:14:54.941+0000] {subprocess.py:63} INFO - Tmp dir root location: /tmp
[2025-06-18T14:14:54.943+0000] {subprocess.py:75} INFO - Running command: ['/usr/bin/bash', '-c', 'docker exec spark /opt/bitnami/spark/bin/spark-submit --master spark://spark:7077 --conf spark.driver.memory=1g --conf spark.executor.memory=1g --name KafkaToBronze /opt/bitnami/spark/spark_jobs/footware/kafka_to_bronze.py']
[2025-06-18T14:14:54.952+0000] {subprocess.py:86} INFO - Output:
[2025-06-18T14:14:58.839+0000] {subprocess.py:93} INFO - 25/06/18 14:14:58 INFO SparkContext: Running Spark version 3.5.0
[2025-06-18T14:14:58.841+0000] {subprocess.py:93} INFO - 25/06/18 14:14:58 INFO SparkContext: OS info Linux, 5.15.167.4-microsoft-standard-WSL2, amd64
[2025-06-18T14:14:58.841+0000] {subprocess.py:93} INFO - 25/06/18 14:14:58 INFO SparkContext: Java version 17.0.10
[2025-06-18T14:14:58.875+0000] {subprocess.py:93} INFO - 25/06/18 14:14:58 INFO ResourceUtils: ==============================================================
[2025-06-18T14:14:58.876+0000] {subprocess.py:93} INFO - 25/06/18 14:14:58 INFO ResourceUtils: No custom resources configured for spark.driver.
[2025-06-18T14:14:58.877+0000] {subprocess.py:93} INFO - 25/06/18 14:14:58 INFO ResourceUtils: ==============================================================
[2025-06-18T14:14:58.877+0000] {subprocess.py:93} INFO - 25/06/18 14:14:58 INFO SparkContext: Submitted application: KafkaToBronzeFootware
[2025-06-18T14:14:58.912+0000] {subprocess.py:93} INFO - 25/06/18 14:14:58 INFO ResourceProfile: Default ResourceProfile created, executor resources: Map(memory -> name: memory, amount: 1024, script: , vendor: , offHeap -> name: offHeap, amount: 0, script: , vendor: ), task resources: Map(cpus -> name: cpus, amount: 1.0)
[2025-06-18T14:14:58.921+0000] {subprocess.py:93} INFO - 25/06/18 14:14:58 INFO ResourceProfile: Limiting resource is cpu
[2025-06-18T14:14:58.923+0000] {subprocess.py:93} INFO - 25/06/18 14:14:58 INFO ResourceProfileManager: Added ResourceProfile id: 0
[2025-06-18T14:14:58.998+0000] {subprocess.py:93} INFO - 25/06/18 14:14:58 INFO SecurityManager: Changing view acls to: spark
[2025-06-18T14:14:59.000+0000] {subprocess.py:93} INFO - 25/06/18 14:14:58 INFO SecurityManager: Changing modify acls to: spark
[2025-06-18T14:14:59.001+0000] {subprocess.py:93} INFO - 25/06/18 14:14:58 INFO SecurityManager: Changing view acls groups to:
[2025-06-18T14:14:59.002+0000] {subprocess.py:93} INFO - 25/06/18 14:14:59 INFO SecurityManager: Changing modify acls groups to:
[2025-06-18T14:14:59.003+0000] {subprocess.py:93} INFO - 25/06/18 14:14:59 INFO SecurityManager: SecurityManager: authentication disabled; ui acls disabled; users with view permissions: spark; groups with view permissions: EMPTY; users with modify permissions: spark; groups with modify permissions: EMPTY
[2025-06-18T14:14:59.137+0000] {subprocess.py:93} INFO - 25/06/18 14:14:59 WARN NativeCodeLoader: Unable to load native-hadoop library for your platform... using builtin-java classes where applicable
[2025-06-18T14:14:59.589+0000] {subprocess.py:93} INFO - 25/06/18 14:14:59 INFO Utils: Successfully started service 'sparkDriver' on port 43579.
[2025-06-18T14:14:59.634+0000] {subprocess.py:93} INFO - 25/06/18 14:14:59 INFO SparkEnv: Registering MapOutputTracker
[2025-06-18T14:14:59.687+0000] {subprocess.py:93} INFO - 25/06/18 14:14:59 INFO SparkEnv: Registering BlockManagerMaster
[2025-06-18T14:14:59.724+0000] {subprocess.py:93} INFO - 25/06/18 14:14:59 INFO BlockManagerMasterEndpoint: Using org.apache.spark.storage.DefaultTopologyMapper for getting topology information
[2025-06-18T14:14:59.724+0000] {subprocess.py:93} INFO - 25/06/18 14:14:59 INFO BlockManagerMasterEndpoint: BlockManagerMasterEndpoint up
[2025-06-18T14:14:59.733+0000] {subprocess.py:93} INFO - 25/06/18 14:14:59 INFO SparkEnv: Registering BlockManagerMasterHeartbeat
[2025-06-18T14:14:59.766+0000] {subprocess.py:93} INFO - 25/06/18 14:14:59 INFO DiskBlockManager: Created local directory at /tmp/blockmgr-b03b2153-5451-42cd-ad05-31c975823a37
[2025-06-18T14:14:59.789+0000] {subprocess.py:93} INFO - 25/06/18 14:14:59 INFO MemoryStore: MemoryStore started with capacity 434.4 MiB
[2025-06-18T14:14:59.806+0000] {subprocess.py:93} INFO - 25/06/18 14:14:59 INFO SparkEnv: Registering OutputCommitCoordinator
[2025-06-18T14:14:59.971+0000] {subprocess.py:93} INFO - 25/06/18 14:14:59 INFO JettyUtils: Start Jetty 0.0.0.0:4040 for SparkUI
[2025-06-18T14:15:00.042+0000] {subprocess.py:93} INFO - 25/06/18 14:15:00 INFO Utils: Successfully started service 'SparkUI' on port 4040.
[2025-06-18T14:15:00.190+0000] {subprocess.py:93} INFO - 25/06/18 14:15:00 INFO StandaloneAppClient$ClientEndpoint: Connecting to master spark://spark:7077...
[2025-06-18T14:15:00.241+0000] {subprocess.py:93} INFO - 25/06/18 14:15:00 INFO TransportClientFactory: Successfully created connection to spark/172.18.0.8:7077 after 24 ms (0 ms spent in bootstraps)
[2025-06-18T14:15:01.296+0000] {subprocess.py:93} INFO - 25/06/18 14:15:01 INFO StandaloneSchedulerBackend: Connected to Spark cluster with app ID app-20250618141501-0000
[2025-06-18T14:15:01.307+0000] {subprocess.py:93} INFO - 25/06/18 14:15:01 INFO Utils: Successfully started service 'org.apache.spark.network.netty.NettyBlockTransferService' on port 42033.
[2025-06-18T14:15:01.308+0000] {subprocess.py:93} INFO - 25/06/18 14:15:01 INFO NettyBlockTransferService: Server created on 5bf3c8b25f1a:42033
[2025-06-18T14:15:01.310+0000] {subprocess.py:93} INFO - 25/06/18 14:15:01 INFO BlockManager: Using org.apache.spark.storage.RandomBlockReplicationPolicy for block replication policy
[2025-06-18T14:15:01.319+0000] {subprocess.py:93} INFO - 25/06/18 14:15:01 INFO BlockManagerMaster: Registering BlockManager BlockManagerId(driver, 5bf3c8b25f1a, 42033, None)
[2025-06-18T14:15:01.323+0000] {subprocess.py:93} INFO - 25/06/18 14:15:01 INFO BlockManagerMasterEndpoint: Registering block manager 5bf3c8b25f1a:42033 with 434.4 MiB RAM, BlockManagerId(driver, 5bf3c8b25f1a, 42033, None)
[2025-06-18T14:15:01.326+0000] {subprocess.py:93} INFO - 25/06/18 14:15:01 INFO BlockManagerMaster: Registered BlockManager BlockManagerId(driver, 5bf3c8b25f1a, 42033, None)
[2025-06-18T14:15:01.327+0000] {subprocess.py:93} INFO - 25/06/18 14:15:01 INFO BlockManager: Initialized BlockManager: BlockManagerId(driver, 5bf3c8b25f1a, 42033, None)
[2025-06-18T14:15:01.574+0000] {subprocess.py:93} INFO - 25/06/18 14:15:01 INFO StandaloneSchedulerBackend: SchedulerBackend is ready for scheduling beginning after reached minRegisteredResourcesRatio: 0.0
[2025-06-18T14:15:01.974+0000] {subprocess.py:93} INFO - 25/06/18 14:15:01 INFO SharedState: spark.sql.warehouse.dir is not set, but hive.metastore.warehouse.dir is set. Setting spark.sql.warehouse.dir to the value of hive.metastore.warehouse.dir.
[2025-06-18T14:15:02.171+0000] {subprocess.py:93} INFO - 25/06/18 14:15:02 WARN MetricsConfig: Cannot locate configuration: tried hadoop-metrics2-s3a-file-system.properties,hadoop-metrics2.properties
[2025-06-18T14:15:02.185+0000] {subprocess.py:93} INFO - 25/06/18 14:15:02 INFO MetricsSystemImpl: Scheduled Metric snapshot period at 10 second(s).
[2025-06-18T14:15:02.186+0000] {subprocess.py:93} INFO - 25/06/18 14:15:02 INFO MetricsSystemImpl: s3a-file-system metrics system started
[2025-06-18T14:15:02.938+0000] {subprocess.py:93} INFO - 25/06/18 14:15:02 INFO SharedState: Warehouse path is 's3a://warehouse'.
[2025-06-18T14:15:04.136+0000] {subprocess.py:93} INFO - Traceback (most recent call last):
[2025-06-18T14:15:04.138+0000] {subprocess.py:93} INFO -   File "/opt/bitnami/spark/spark_jobs/footware/kafka_to_bronze.py", line 34, in <module>
[2025-06-18T14:15:04.141+0000] {subprocess.py:93} INFO -     .load()
[2025-06-18T14:15:04.142+0000] {subprocess.py:93} INFO -      ^^^^^^
[2025-06-18T14:15:04.142+0000] {subprocess.py:93} INFO -   File "/opt/bitnami/spark/python/lib/pyspark.zip/pyspark/sql/streaming/readwriter.py", line 304, in load
[2025-06-18T14:15:04.143+0000] {subprocess.py:93} INFO -   File "/opt/bitnami/spark/python/lib/py4j-0.10.9.7-src.zip/py4j/java_gateway.py", line 1322, in __call__
[2025-06-18T14:15:04.143+0000] {subprocess.py:93} INFO -   File "/opt/bitnami/spark/python/lib/pyspark.zip/pyspark/errors/exceptions/captured.py", line 185, in deco
[2025-06-18T14:15:04.152+0000] {subprocess.py:93} INFO - pyspark.errors.exceptions.captured.AnalysisException: Failed to find data source: kafka. Please deploy the application as per the deployment section of Structured Streaming + Kafka Integration Guide.
[2025-06-18T14:15:04.207+0000] {subprocess.py:93} INFO - 25/06/18 14:15:04 INFO SparkContext: Invoking stop() from shutdown hook
[2025-06-18T14:15:04.207+0000] {subprocess.py:93} INFO - 25/06/18 14:15:04 INFO SparkContext: SparkContext is stopping with exitCode 0.
[2025-06-18T14:15:04.212+0000] {subprocess.py:93} INFO - 25/06/18 14:15:04 INFO SparkUI: Stopped Spark web UI at http://5bf3c8b25f1a:4040
[2025-06-18T14:15:04.215+0000] {subprocess.py:93} INFO - 25/06/18 14:15:04 INFO StandaloneSchedulerBackend: Shutting down all executors
[2025-06-18T14:15:04.218+0000] {subprocess.py:93} INFO - 25/06/18 14:15:04 INFO StandaloneSchedulerBackend$StandaloneDriverEndpoint: Asking each executor to shut down
[2025-06-18T14:15:04.232+0000] {subprocess.py:93} INFO - 25/06/18 14:15:04 INFO MapOutputTrackerMasterEndpoint: MapOutputTrackerMasterEndpoint stopped!
[2025-06-18T14:15:04.245+0000] {subprocess.py:93} INFO - 25/06/18 14:15:04 INFO MemoryStore: MemoryStore cleared
[2025-06-18T14:15:04.248+0000] {subprocess.py:93} INFO - 25/06/18 14:15:04 INFO BlockManager: BlockManager stopped
[2025-06-18T14:15:04.255+0000] {subprocess.py:93} INFO - 25/06/18 14:15:04 INFO BlockManagerMaster: BlockManagerMaster stopped
[2025-06-18T14:15:04.257+0000] {subprocess.py:93} INFO - 25/06/18 14:15:04 INFO OutputCommitCoordinator$OutputCommitCoordinatorEndpoint: OutputCommitCoordinator stopped!
[2025-06-18T14:15:04.258+0000] {subprocess.py:93} INFO - 25/06/18 14:15:04 INFO SparkContext: Successfully stopped SparkContext
[2025-06-18T14:15:04.259+0000] {subprocess.py:93} INFO - 25/06/18 14:15:04 INFO ShutdownHookManager: Shutdown hook called
[2025-06-18T14:15:04.260+0000] {subprocess.py:93} INFO - 25/06/18 14:15:04 INFO ShutdownHookManager: Deleting directory /tmp/spark-464f2edb-9299-4b28-9e4c-a963ed2fe31c/pyspark-c780000d-26b8-406d-9dbc-08eecafbd336
[2025-06-18T14:15:04.262+0000] {subprocess.py:93} INFO - 25/06/18 14:15:04 INFO ShutdownHookManager: Deleting directory /tmp/spark-464f2edb-9299-4b28-9e4c-a963ed2fe31c
[2025-06-18T14:15:04.264+0000] {subprocess.py:93} INFO - 25/06/18 14:15:04 INFO ShutdownHookManager: Deleting directory /tmp/spark-03cf8be3-5996-4842-b3bd-278be54a5559
[2025-06-18T14:15:04.269+0000] {subprocess.py:93} INFO - 25/06/18 14:15:04 INFO MetricsSystemImpl: Stopping s3a-file-system metrics system...
[2025-06-18T14:15:04.269+0000] {subprocess.py:93} INFO - 25/06/18 14:15:04 INFO MetricsSystemImpl: s3a-file-system metrics system stopped.
[2025-06-18T14:15:04.270+0000] {subprocess.py:93} INFO - 25/06/18 14:15:04 INFO MetricsSystemImpl: s3a-file-system metrics system shutdown complete.
[2025-06-18T14:15:04.302+0000] {subprocess.py:97} INFO - Command exited with return code 1
[2025-06-18T14:15:04.304+0000] {taskinstance.py:441} INFO - ::group::Post task execution logs
[2025-06-18T14:15:04.319+0000] {taskinstance.py:2905} ERROR - Task failed with exception
Traceback (most recent call last):
  File "/home/airflow/.local/lib/python3.12/site-packages/airflow/models/taskinstance.py", line 465, in _execute_task
    result = _execute_callable(context=context, **execute_callable_kwargs)
             ^^^^^^^^^^^^^^^^^^^^^^^^^^^^^^^^^^^^^^^^^^^^^^^^^^^^^^^^^^^^^
  File "/home/airflow/.local/lib/python3.12/site-packages/airflow/models/taskinstance.py", line 432, in _execute_callable
    return execute_callable(context=context, **execute_callable_kwargs)
           ^^^^^^^^^^^^^^^^^^^^^^^^^^^^^^^^^^^^^^^^^^^^^^^^^^^^^^^^^^^^
  File "/home/airflow/.local/lib/python3.12/site-packages/airflow/models/baseoperator.py", line 401, in wrapper
    return func(self, *args, **kwargs)
           ^^^^^^^^^^^^^^^^^^^^^^^^^^^
  File "/home/airflow/.local/lib/python3.12/site-packages/airflow/operators/bash.py", line 243, in execute
    raise AirflowException(
airflow.exceptions.AirflowException: Bash command failed. The command returned a non-zero exit code 1.
[2025-06-18T14:15:04.324+0000] {taskinstance.py:1206} INFO - Marking task as UP_FOR_RETRY. dag_id=lakehouse_ingest_pipeline, task_id=spark_streaming_bronze, run_id=manual__2025-06-18T14:14:50.261120+00:00, execution_date=20250618T141450, start_date=20250618T141454, end_date=20250618T141504
[2025-06-18T14:15:04.338+0000] {standard_task_runner.py:110} ERROR - Failed to execute job 19 for task spark_streaming_bronze (Bash command failed. The command returned a non-zero exit code 1.; 179)
[2025-06-18T14:15:04.368+0000] {local_task_job_runner.py:240} INFO - Task exited with return code 1
[2025-06-18T14:15:04.386+0000] {taskinstance.py:3503} INFO - 0 downstream tasks scheduled from follow-on schedule check
[2025-06-18T14:15:04.389+0000] {local_task_job_runner.py:222} INFO - ::endgroup::
