[2025-06-18T14:17:04.924+0000] {local_task_job_runner.py:120} INFO - ::group::Pre task execution logs
[2025-06-18T14:17:04.977+0000] {taskinstance.py:2076} INFO - Dependencies all met for dep_context=non-requeueable deps ti=<TaskInstance: lakehouse_ingest_pipeline.spark_streaming_bronze manual__2025-06-18T14:14:50.261120+00:00 [queued]>
[2025-06-18T14:17:04.985+0000] {taskinstance.py:2076} INFO - Dependencies all met for dep_context=requeueable deps ti=<TaskInstance: lakehouse_ingest_pipeline.spark_streaming_bronze manual__2025-06-18T14:14:50.261120+00:00 [queued]>
[2025-06-18T14:17:04.986+0000] {taskinstance.py:2306} INFO - Starting attempt 2 of 2
[2025-06-18T14:17:05.000+0000] {taskinstance.py:2330} INFO - Executing <Task(BashOperator): spark_streaming_bronze> on 2025-06-18 14:14:50.261120+00:00
[2025-06-18T14:17:05.008+0000] {logging_mixin.py:188} WARNING - /home/***/.local/lib/python3.12/site-packages/***/task/task_runner/standard_task_runner.py:61 DeprecationWarning: This process (pid=214) is multi-threaded, use of fork() may lead to deadlocks in the child.
[2025-06-18T14:17:05.008+0000] {standard_task_runner.py:90} INFO - Running: ['***', 'tasks', 'run', 'lakehouse_ingest_pipeline', 'spark_streaming_bronze', 'manual__2025-06-18T14:14:50.261120+00:00', '--job-id', '20', '--raw', '--subdir', 'DAGS_FOLDER/lakehouse_ingest_pipeline.py', '--cfg-path', '/tmp/tmp2t2pdybl']
[2025-06-18T14:17:05.010+0000] {standard_task_runner.py:63} INFO - Started process 215 to run task
[2025-06-18T14:17:05.011+0000] {standard_task_runner.py:91} INFO - Job 20: Subtask spark_streaming_bronze
[2025-06-18T14:17:05.030+0000] {logging_mixin.py:188} WARNING - /home/***/.local/lib/python3.12/site-packages/***/settings.py:195 DeprecationWarning: The sql_alchemy_conn option in [core] has been moved to the sql_alchemy_conn option in [database] - the old setting has been used, but please update your config.
[2025-06-18T14:17:05.070+0000] {task_command.py:426} INFO - Running <TaskInstance: lakehouse_ingest_pipeline.spark_streaming_bronze manual__2025-06-18T14:14:50.261120+00:00 [running]> on host 7aad3b6a01bd
[2025-06-18T14:17:05.150+0000] {taskinstance.py:2648} INFO - Exporting env vars: AIRFLOW_CTX_DAG_OWNER='***' AIRFLOW_CTX_DAG_ID='lakehouse_ingest_pipeline' AIRFLOW_CTX_TASK_ID='spark_streaming_bronze' AIRFLOW_CTX_EXECUTION_DATE='2025-06-18T14:14:50.261120+00:00' AIRFLOW_CTX_TRY_NUMBER='2' AIRFLOW_CTX_DAG_RUN_ID='manual__2025-06-18T14:14:50.261120+00:00'
[2025-06-18T14:17:05.151+0000] {taskinstance.py:430} INFO - ::endgroup::
[2025-06-18T14:17:05.167+0000] {subprocess.py:63} INFO - Tmp dir root location: /tmp
[2025-06-18T14:17:05.168+0000] {subprocess.py:75} INFO - Running command: ['/usr/bin/bash', '-c', 'docker exec spark /opt/bitnami/spark/bin/spark-submit --master spark://spark:7077 --conf spark.driver.memory=1g --conf spark.executor.memory=1g --name KafkaToBronze /opt/bitnami/spark/spark_jobs/footware/kafka_to_bronze.py']
[2025-06-18T14:17:05.177+0000] {subprocess.py:86} INFO - Output:
[2025-06-18T14:17:07.918+0000] {subprocess.py:93} INFO - 25/06/18 14:17:07 INFO SparkContext: Running Spark version 3.5.0
[2025-06-18T14:17:07.919+0000] {subprocess.py:93} INFO - 25/06/18 14:17:07 INFO SparkContext: OS info Linux, 5.15.167.4-microsoft-standard-WSL2, amd64
[2025-06-18T14:17:07.920+0000] {subprocess.py:93} INFO - 25/06/18 14:17:07 INFO SparkContext: Java version 17.0.10
[2025-06-18T14:17:07.949+0000] {subprocess.py:93} INFO - 25/06/18 14:17:07 INFO ResourceUtils: ==============================================================
[2025-06-18T14:17:07.950+0000] {subprocess.py:93} INFO - 25/06/18 14:17:07 INFO ResourceUtils: No custom resources configured for spark.driver.
[2025-06-18T14:17:07.951+0000] {subprocess.py:93} INFO - 25/06/18 14:17:07 INFO ResourceUtils: ==============================================================
[2025-06-18T14:17:07.952+0000] {subprocess.py:93} INFO - 25/06/18 14:17:07 INFO SparkContext: Submitted application: KafkaToBronzeFootware
[2025-06-18T14:17:07.970+0000] {subprocess.py:93} INFO - 25/06/18 14:17:07 INFO ResourceProfile: Default ResourceProfile created, executor resources: Map(memory -> name: memory, amount: 1024, script: , vendor: , offHeap -> name: offHeap, amount: 0, script: , vendor: ), task resources: Map(cpus -> name: cpus, amount: 1.0)
[2025-06-18T14:17:07.979+0000] {subprocess.py:93} INFO - 25/06/18 14:17:07 INFO ResourceProfile: Limiting resource is cpu
[2025-06-18T14:17:07.980+0000] {subprocess.py:93} INFO - 25/06/18 14:17:07 INFO ResourceProfileManager: Added ResourceProfile id: 0
[2025-06-18T14:17:08.052+0000] {subprocess.py:93} INFO - 25/06/18 14:17:08 INFO SecurityManager: Changing view acls to: spark
[2025-06-18T14:17:08.053+0000] {subprocess.py:93} INFO - 25/06/18 14:17:08 INFO SecurityManager: Changing modify acls to: spark
[2025-06-18T14:17:08.054+0000] {subprocess.py:93} INFO - 25/06/18 14:17:08 INFO SecurityManager: Changing view acls groups to:
[2025-06-18T14:17:08.055+0000] {subprocess.py:93} INFO - 25/06/18 14:17:08 INFO SecurityManager: Changing modify acls groups to:
[2025-06-18T14:17:08.056+0000] {subprocess.py:93} INFO - 25/06/18 14:17:08 INFO SecurityManager: SecurityManager: authentication disabled; ui acls disabled; users with view permissions: spark; groups with view permissions: EMPTY; users with modify permissions: spark; groups with modify permissions: EMPTY
[2025-06-18T14:17:08.098+0000] {subprocess.py:93} INFO - 25/06/18 14:17:08 WARN NativeCodeLoader: Unable to load native-hadoop library for your platform... using builtin-java classes where applicable
[2025-06-18T14:17:08.283+0000] {subprocess.py:93} INFO - 25/06/18 14:17:08 INFO Utils: Successfully started service 'sparkDriver' on port 36685.
[2025-06-18T14:17:08.307+0000] {subprocess.py:93} INFO - 25/06/18 14:17:08 INFO SparkEnv: Registering MapOutputTracker
[2025-06-18T14:17:08.346+0000] {subprocess.py:93} INFO - 25/06/18 14:17:08 INFO SparkEnv: Registering BlockManagerMaster
[2025-06-18T14:17:08.367+0000] {subprocess.py:93} INFO - 25/06/18 14:17:08 INFO BlockManagerMasterEndpoint: Using org.apache.spark.storage.DefaultTopologyMapper for getting topology information
[2025-06-18T14:17:08.368+0000] {subprocess.py:93} INFO - 25/06/18 14:17:08 INFO BlockManagerMasterEndpoint: BlockManagerMasterEndpoint up
[2025-06-18T14:17:08.372+0000] {subprocess.py:93} INFO - 25/06/18 14:17:08 INFO SparkEnv: Registering BlockManagerMasterHeartbeat
[2025-06-18T14:17:08.400+0000] {subprocess.py:93} INFO - 25/06/18 14:17:08 INFO DiskBlockManager: Created local directory at /tmp/blockmgr-f9410e59-5e43-4726-b53f-76a68a584382
[2025-06-18T14:17:08.420+0000] {subprocess.py:93} INFO - 25/06/18 14:17:08 INFO MemoryStore: MemoryStore started with capacity 434.4 MiB
[2025-06-18T14:17:08.436+0000] {subprocess.py:93} INFO - 25/06/18 14:17:08 INFO SparkEnv: Registering OutputCommitCoordinator
[2025-06-18T14:17:08.596+0000] {subprocess.py:93} INFO - 25/06/18 14:17:08 INFO JettyUtils: Start Jetty 0.0.0.0:4040 for SparkUI
[2025-06-18T14:17:08.666+0000] {subprocess.py:93} INFO - 25/06/18 14:17:08 INFO Utils: Successfully started service 'SparkUI' on port 4040.
[2025-06-18T14:17:08.802+0000] {subprocess.py:93} INFO - 25/06/18 14:17:08 INFO StandaloneAppClient$ClientEndpoint: Connecting to master spark://spark:7077...
[2025-06-18T14:17:08.849+0000] {subprocess.py:93} INFO - 25/06/18 14:17:08 INFO TransportClientFactory: Successfully created connection to spark/172.18.0.8:7077 after 29 ms (0 ms spent in bootstraps)
[2025-06-18T14:17:08.942+0000] {subprocess.py:93} INFO - 25/06/18 14:17:08 INFO StandaloneSchedulerBackend: Connected to Spark cluster with app ID app-20250618141708-0001
[2025-06-18T14:17:08.951+0000] {subprocess.py:93} INFO - 25/06/18 14:17:08 INFO Utils: Successfully started service 'org.apache.spark.network.netty.NettyBlockTransferService' on port 35803.
[2025-06-18T14:17:08.952+0000] {subprocess.py:93} INFO - 25/06/18 14:17:08 INFO NettyBlockTransferService: Server created on 5bf3c8b25f1a:35803
[2025-06-18T14:17:08.953+0000] {subprocess.py:93} INFO - 25/06/18 14:17:08 INFO BlockManager: Using org.apache.spark.storage.RandomBlockReplicationPolicy for block replication policy
[2025-06-18T14:17:08.960+0000] {subprocess.py:93} INFO - 25/06/18 14:17:08 INFO BlockManagerMaster: Registering BlockManager BlockManagerId(driver, 5bf3c8b25f1a, 35803, None)
[2025-06-18T14:17:08.963+0000] {subprocess.py:93} INFO - 25/06/18 14:17:08 INFO BlockManagerMasterEndpoint: Registering block manager 5bf3c8b25f1a:35803 with 434.4 MiB RAM, BlockManagerId(driver, 5bf3c8b25f1a, 35803, None)
[2025-06-18T14:17:08.965+0000] {subprocess.py:93} INFO - 25/06/18 14:17:08 INFO BlockManagerMaster: Registered BlockManager BlockManagerId(driver, 5bf3c8b25f1a, 35803, None)
[2025-06-18T14:17:08.967+0000] {subprocess.py:93} INFO - 25/06/18 14:17:08 INFO BlockManager: Initialized BlockManager: BlockManagerId(driver, 5bf3c8b25f1a, 35803, None)
[2025-06-18T14:17:09.132+0000] {subprocess.py:93} INFO - 25/06/18 14:17:09 INFO StandaloneSchedulerBackend: SchedulerBackend is ready for scheduling beginning after reached minRegisteredResourcesRatio: 0.0
[2025-06-18T14:17:09.351+0000] {subprocess.py:93} INFO - 25/06/18 14:17:09 INFO SharedState: spark.sql.warehouse.dir is not set, but hive.metastore.warehouse.dir is set. Setting spark.sql.warehouse.dir to the value of hive.metastore.warehouse.dir.
[2025-06-18T14:17:09.462+0000] {subprocess.py:93} INFO - 25/06/18 14:17:09 WARN MetricsConfig: Cannot locate configuration: tried hadoop-metrics2-s3a-file-system.properties,hadoop-metrics2.properties
[2025-06-18T14:17:09.494+0000] {subprocess.py:93} INFO - 25/06/18 14:17:09 INFO MetricsSystemImpl: Scheduled Metric snapshot period at 10 second(s).
[2025-06-18T14:17:09.495+0000] {subprocess.py:93} INFO - 25/06/18 14:17:09 INFO MetricsSystemImpl: s3a-file-system metrics system started
[2025-06-18T14:17:10.076+0000] {subprocess.py:93} INFO - 25/06/18 14:17:10 INFO SharedState: Warehouse path is 's3a://warehouse'.
[2025-06-18T14:17:10.935+0000] {subprocess.py:93} INFO - Traceback (most recent call last):
[2025-06-18T14:17:10.936+0000] {subprocess.py:93} INFO -   File "/opt/bitnami/spark/spark_jobs/footware/kafka_to_bronze.py", line 34, in <module>
[2025-06-18T14:17:10.942+0000] {subprocess.py:93} INFO -     .load()
[2025-06-18T14:17:10.943+0000] {subprocess.py:93} INFO -      ^^^^^^
[2025-06-18T14:17:10.943+0000] {subprocess.py:93} INFO -   File "/opt/bitnami/spark/python/lib/pyspark.zip/pyspark/sql/streaming/readwriter.py", line 304, in load
[2025-06-18T14:17:10.944+0000] {subprocess.py:93} INFO -   File "/opt/bitnami/spark/python/lib/py4j-0.10.9.7-src.zip/py4j/java_gateway.py", line 1322, in __call__
[2025-06-18T14:17:10.944+0000] {subprocess.py:93} INFO -   File "/opt/bitnami/spark/python/lib/pyspark.zip/pyspark/errors/exceptions/captured.py", line 185, in deco
[2025-06-18T14:17:10.953+0000] {subprocess.py:93} INFO - pyspark.errors.exceptions.captured.AnalysisException: Failed to find data source: kafka. Please deploy the application as per the deployment section of Structured Streaming + Kafka Integration Guide.
[2025-06-18T14:17:11.007+0000] {subprocess.py:93} INFO - 25/06/18 14:17:11 INFO SparkContext: Invoking stop() from shutdown hook
[2025-06-18T14:17:11.008+0000] {subprocess.py:93} INFO - 25/06/18 14:17:11 INFO SparkContext: SparkContext is stopping with exitCode 0.
[2025-06-18T14:17:11.030+0000] {subprocess.py:93} INFO - 25/06/18 14:17:11 INFO SparkUI: Stopped Spark web UI at http://5bf3c8b25f1a:4040
[2025-06-18T14:17:11.033+0000] {subprocess.py:93} INFO - 25/06/18 14:17:11 INFO StandaloneSchedulerBackend: Shutting down all executors
[2025-06-18T14:17:11.036+0000] {subprocess.py:93} INFO - 25/06/18 14:17:11 INFO StandaloneSchedulerBackend$StandaloneDriverEndpoint: Asking each executor to shut down
[2025-06-18T14:17:11.048+0000] {subprocess.py:93} INFO - 25/06/18 14:17:11 INFO MapOutputTrackerMasterEndpoint: MapOutputTrackerMasterEndpoint stopped!
[2025-06-18T14:17:11.058+0000] {subprocess.py:93} INFO - 25/06/18 14:17:11 INFO MemoryStore: MemoryStore cleared
[2025-06-18T14:17:11.059+0000] {subprocess.py:93} INFO - 25/06/18 14:17:11 INFO BlockManager: BlockManager stopped
[2025-06-18T14:17:11.064+0000] {subprocess.py:93} INFO - 25/06/18 14:17:11 INFO BlockManagerMaster: BlockManagerMaster stopped
[2025-06-18T14:17:11.066+0000] {subprocess.py:93} INFO - 25/06/18 14:17:11 INFO OutputCommitCoordinator$OutputCommitCoordinatorEndpoint: OutputCommitCoordinator stopped!
[2025-06-18T14:17:11.075+0000] {subprocess.py:93} INFO - 25/06/18 14:17:11 INFO SparkContext: Successfully stopped SparkContext
[2025-06-18T14:17:11.076+0000] {subprocess.py:93} INFO - 25/06/18 14:17:11 INFO ShutdownHookManager: Shutdown hook called
[2025-06-18T14:17:11.077+0000] {subprocess.py:93} INFO - 25/06/18 14:17:11 INFO ShutdownHookManager: Deleting directory /tmp/spark-53200728-80b6-43dc-addc-96c63cfa690b/pyspark-da8d853d-b8c8-4471-9d91-e598e5b6cf18
[2025-06-18T14:17:11.081+0000] {subprocess.py:93} INFO - 25/06/18 14:17:11 INFO ShutdownHookManager: Deleting directory /tmp/spark-120544e3-1b96-4ef1-ad46-88a2636763ac
[2025-06-18T14:17:11.085+0000] {subprocess.py:93} INFO - 25/06/18 14:17:11 INFO ShutdownHookManager: Deleting directory /tmp/spark-53200728-80b6-43dc-addc-96c63cfa690b
[2025-06-18T14:17:11.100+0000] {subprocess.py:93} INFO - 25/06/18 14:17:11 INFO MetricsSystemImpl: Stopping s3a-file-system metrics system...
[2025-06-18T14:17:11.107+0000] {subprocess.py:93} INFO - 25/06/18 14:17:11 INFO MetricsSystemImpl: s3a-file-system metrics system stopped.
[2025-06-18T14:17:11.110+0000] {subprocess.py:93} INFO - 25/06/18 14:17:11 INFO MetricsSystemImpl: s3a-file-system metrics system shutdown complete.
[2025-06-18T14:17:11.153+0000] {subprocess.py:97} INFO - Command exited with return code 1
[2025-06-18T14:17:11.159+0000] {taskinstance.py:441} INFO - ::group::Post task execution logs
[2025-06-18T14:17:11.172+0000] {taskinstance.py:2905} ERROR - Task failed with exception
Traceback (most recent call last):
  File "/home/airflow/.local/lib/python3.12/site-packages/airflow/models/taskinstance.py", line 465, in _execute_task
    result = _execute_callable(context=context, **execute_callable_kwargs)
             ^^^^^^^^^^^^^^^^^^^^^^^^^^^^^^^^^^^^^^^^^^^^^^^^^^^^^^^^^^^^^
  File "/home/airflow/.local/lib/python3.12/site-packages/airflow/models/taskinstance.py", line 432, in _execute_callable
    return execute_callable(context=context, **execute_callable_kwargs)
           ^^^^^^^^^^^^^^^^^^^^^^^^^^^^^^^^^^^^^^^^^^^^^^^^^^^^^^^^^^^^
  File "/home/airflow/.local/lib/python3.12/site-packages/airflow/models/baseoperator.py", line 401, in wrapper
    return func(self, *args, **kwargs)
           ^^^^^^^^^^^^^^^^^^^^^^^^^^^
  File "/home/airflow/.local/lib/python3.12/site-packages/airflow/operators/bash.py", line 243, in execute
    raise AirflowException(
airflow.exceptions.AirflowException: Bash command failed. The command returned a non-zero exit code 1.
[2025-06-18T14:17:11.180+0000] {taskinstance.py:1206} INFO - Marking task as FAILED. dag_id=lakehouse_ingest_pipeline, task_id=spark_streaming_bronze, run_id=manual__2025-06-18T14:14:50.261120+00:00, execution_date=20250618T141450, start_date=20250618T141704, end_date=20250618T141711
[2025-06-18T14:17:11.201+0000] {standard_task_runner.py:110} ERROR - Failed to execute job 20 for task spark_streaming_bronze (Bash command failed. The command returned a non-zero exit code 1.; 215)
[2025-06-18T14:17:11.230+0000] {local_task_job_runner.py:240} INFO - Task exited with return code 1
[2025-06-18T14:17:11.250+0000] {taskinstance.py:3503} INFO - 0 downstream tasks scheduled from follow-on schedule check
[2025-06-18T14:17:11.254+0000] {local_task_job_runner.py:222} INFO - ::endgroup::
