[2025-06-18T12:48:45.226+0000] {processor.py:161} INFO - Started process (PID=168) to work on /opt/airflow/dags/lakehouse_ingest_pipeline.py
[2025-06-18T12:48:45.227+0000] {processor.py:830} INFO - Processing file /opt/airflow/dags/lakehouse_ingest_pipeline.py for tasks to queue
[2025-06-18T12:48:45.229+0000] {logging_mixin.py:188} INFO - [2025-06-18T12:48:45.229+0000] {dagbag.py:545} INFO - Filling up the DagBag from /opt/airflow/dags/lakehouse_ingest_pipeline.py
[2025-06-18T12:48:45.260+0000] {processor.py:840} INFO - DAG(s) 'lakehouse_ingest_pipeline' retrieved from /opt/airflow/dags/lakehouse_ingest_pipeline.py
[2025-06-18T12:48:45.482+0000] {logging_mixin.py:188} INFO - [2025-06-18T12:48:45.481+0000] {override.py:1829} INFO - Created Permission View: can edit on DAG:lakehouse_ingest_pipeline
[2025-06-18T12:48:45.490+0000] {logging_mixin.py:188} INFO - [2025-06-18T12:48:45.490+0000] {override.py:1829} INFO - Created Permission View: can delete on DAG:lakehouse_ingest_pipeline
[2025-06-18T12:48:45.495+0000] {logging_mixin.py:188} INFO - [2025-06-18T12:48:45.495+0000] {override.py:1829} INFO - Created Permission View: can read on DAG:lakehouse_ingest_pipeline
[2025-06-18T12:48:45.496+0000] {logging_mixin.py:188} INFO - [2025-06-18T12:48:45.496+0000] {dag.py:3096} INFO - Sync 1 DAGs
[2025-06-18T12:48:45.505+0000] {logging_mixin.py:188} INFO - [2025-06-18T12:48:45.505+0000] {dag.py:3118} INFO - Creating ORM DAG for lakehouse_ingest_pipeline
[2025-06-18T12:48:45.506+0000] {logging_mixin.py:188} INFO - [2025-06-18T12:48:45.506+0000] {dag.py:3954} INFO - Setting next_dagrun for lakehouse_ingest_pipeline to None, run_after=None
[2025-06-18T12:48:45.521+0000] {processor.py:183} INFO - Processing /opt/airflow/dags/lakehouse_ingest_pipeline.py took 0.299 seconds
[2025-06-18T12:49:15.751+0000] {processor.py:161} INFO - Started process (PID=173) to work on /opt/airflow/dags/lakehouse_ingest_pipeline.py
[2025-06-18T12:49:15.753+0000] {processor.py:830} INFO - Processing file /opt/airflow/dags/lakehouse_ingest_pipeline.py for tasks to queue
[2025-06-18T12:49:15.754+0000] {logging_mixin.py:188} INFO - [2025-06-18T12:49:15.754+0000] {dagbag.py:545} INFO - Filling up the DagBag from /opt/airflow/dags/lakehouse_ingest_pipeline.py
[2025-06-18T12:49:15.777+0000] {processor.py:840} INFO - DAG(s) 'lakehouse_ingest_pipeline' retrieved from /opt/airflow/dags/lakehouse_ingest_pipeline.py
[2025-06-18T12:49:15.808+0000] {logging_mixin.py:188} INFO - [2025-06-18T12:49:15.808+0000] {dag.py:3096} INFO - Sync 1 DAGs
[2025-06-18T12:49:15.819+0000] {logging_mixin.py:188} INFO - [2025-06-18T12:49:15.819+0000] {dag.py:3954} INFO - Setting next_dagrun for lakehouse_ingest_pipeline to None, run_after=None
[2025-06-18T12:49:15.842+0000] {processor.py:183} INFO - Processing /opt/airflow/dags/lakehouse_ingest_pipeline.py took 0.095 seconds
[2025-06-18T12:49:45.999+0000] {processor.py:161} INFO - Started process (PID=178) to work on /opt/airflow/dags/lakehouse_ingest_pipeline.py
[2025-06-18T12:49:46.001+0000] {processor.py:830} INFO - Processing file /opt/airflow/dags/lakehouse_ingest_pipeline.py for tasks to queue
[2025-06-18T12:49:46.004+0000] {logging_mixin.py:188} INFO - [2025-06-18T12:49:46.003+0000] {dagbag.py:545} INFO - Filling up the DagBag from /opt/airflow/dags/lakehouse_ingest_pipeline.py
[2025-06-18T12:49:46.044+0000] {processor.py:840} INFO - DAG(s) 'lakehouse_ingest_pipeline' retrieved from /opt/airflow/dags/lakehouse_ingest_pipeline.py
[2025-06-18T12:49:46.084+0000] {logging_mixin.py:188} INFO - [2025-06-18T12:49:46.084+0000] {dag.py:3096} INFO - Sync 1 DAGs
[2025-06-18T12:49:46.100+0000] {logging_mixin.py:188} INFO - [2025-06-18T12:49:46.099+0000] {dag.py:3954} INFO - Setting next_dagrun for lakehouse_ingest_pipeline to None, run_after=None
[2025-06-18T12:49:46.126+0000] {processor.py:183} INFO - Processing /opt/airflow/dags/lakehouse_ingest_pipeline.py took 0.135 seconds
[2025-06-18T12:50:16.357+0000] {processor.py:161} INFO - Started process (PID=183) to work on /opt/airflow/dags/lakehouse_ingest_pipeline.py
[2025-06-18T12:50:16.358+0000] {processor.py:830} INFO - Processing file /opt/airflow/dags/lakehouse_ingest_pipeline.py for tasks to queue
[2025-06-18T12:50:16.361+0000] {logging_mixin.py:188} INFO - [2025-06-18T12:50:16.360+0000] {dagbag.py:545} INFO - Filling up the DagBag from /opt/airflow/dags/lakehouse_ingest_pipeline.py
[2025-06-18T12:50:16.380+0000] {processor.py:840} INFO - DAG(s) 'lakehouse_ingest_pipeline' retrieved from /opt/airflow/dags/lakehouse_ingest_pipeline.py
[2025-06-18T12:50:16.412+0000] {logging_mixin.py:188} INFO - [2025-06-18T12:50:16.412+0000] {dag.py:3096} INFO - Sync 1 DAGs
[2025-06-18T12:50:16.424+0000] {logging_mixin.py:188} INFO - [2025-06-18T12:50:16.423+0000] {dag.py:3954} INFO - Setting next_dagrun for lakehouse_ingest_pipeline to None, run_after=None
[2025-06-18T12:50:16.501+0000] {processor.py:183} INFO - Processing /opt/airflow/dags/lakehouse_ingest_pipeline.py took 0.149 seconds
[2025-06-18T12:50:46.726+0000] {processor.py:161} INFO - Started process (PID=188) to work on /opt/airflow/dags/lakehouse_ingest_pipeline.py
[2025-06-18T12:50:46.727+0000] {processor.py:830} INFO - Processing file /opt/airflow/dags/lakehouse_ingest_pipeline.py for tasks to queue
[2025-06-18T12:50:46.731+0000] {logging_mixin.py:188} INFO - [2025-06-18T12:50:46.730+0000] {dagbag.py:545} INFO - Filling up the DagBag from /opt/airflow/dags/lakehouse_ingest_pipeline.py
[2025-06-18T12:50:46.777+0000] {processor.py:840} INFO - DAG(s) 'lakehouse_ingest_pipeline' retrieved from /opt/airflow/dags/lakehouse_ingest_pipeline.py
[2025-06-18T12:50:46.839+0000] {logging_mixin.py:188} INFO - [2025-06-18T12:50:46.839+0000] {dag.py:3096} INFO - Sync 1 DAGs
[2025-06-18T12:50:46.893+0000] {logging_mixin.py:188} INFO - [2025-06-18T12:50:46.893+0000] {dag.py:3954} INFO - Setting next_dagrun for lakehouse_ingest_pipeline to None, run_after=None
[2025-06-18T12:50:46.954+0000] {processor.py:183} INFO - Processing /opt/airflow/dags/lakehouse_ingest_pipeline.py took 0.235 seconds
[2025-06-18T12:51:17.305+0000] {processor.py:161} INFO - Started process (PID=193) to work on /opt/airflow/dags/lakehouse_ingest_pipeline.py
[2025-06-18T12:51:17.309+0000] {processor.py:830} INFO - Processing file /opt/airflow/dags/lakehouse_ingest_pipeline.py for tasks to queue
[2025-06-18T12:51:17.314+0000] {logging_mixin.py:188} INFO - [2025-06-18T12:51:17.313+0000] {dagbag.py:545} INFO - Filling up the DagBag from /opt/airflow/dags/lakehouse_ingest_pipeline.py
[2025-06-18T12:51:17.362+0000] {processor.py:840} INFO - DAG(s) 'lakehouse_ingest_pipeline' retrieved from /opt/airflow/dags/lakehouse_ingest_pipeline.py
[2025-06-18T12:51:17.420+0000] {logging_mixin.py:188} INFO - [2025-06-18T12:51:17.420+0000] {dag.py:3096} INFO - Sync 1 DAGs
[2025-06-18T12:51:17.437+0000] {logging_mixin.py:188} INFO - [2025-06-18T12:51:17.437+0000] {dag.py:3954} INFO - Setting next_dagrun for lakehouse_ingest_pipeline to None, run_after=None
[2025-06-18T12:51:17.461+0000] {processor.py:183} INFO - Processing /opt/airflow/dags/lakehouse_ingest_pipeline.py took 0.168 seconds
[2025-06-18T12:51:47.521+0000] {processor.py:161} INFO - Started process (PID=198) to work on /opt/airflow/dags/lakehouse_ingest_pipeline.py
[2025-06-18T12:51:47.522+0000] {processor.py:830} INFO - Processing file /opt/airflow/dags/lakehouse_ingest_pipeline.py for tasks to queue
[2025-06-18T12:51:47.525+0000] {logging_mixin.py:188} INFO - [2025-06-18T12:51:47.524+0000] {dagbag.py:545} INFO - Filling up the DagBag from /opt/airflow/dags/lakehouse_ingest_pipeline.py
[2025-06-18T12:51:47.548+0000] {processor.py:840} INFO - DAG(s) 'lakehouse_ingest_pipeline' retrieved from /opt/airflow/dags/lakehouse_ingest_pipeline.py
[2025-06-18T12:51:47.577+0000] {logging_mixin.py:188} INFO - [2025-06-18T12:51:47.577+0000] {dag.py:3096} INFO - Sync 1 DAGs
[2025-06-18T12:51:47.588+0000] {logging_mixin.py:188} INFO - [2025-06-18T12:51:47.588+0000] {dag.py:3954} INFO - Setting next_dagrun for lakehouse_ingest_pipeline to None, run_after=None
[2025-06-18T12:51:47.606+0000] {processor.py:183} INFO - Processing /opt/airflow/dags/lakehouse_ingest_pipeline.py took 0.091 seconds
[2025-06-18T12:52:17.836+0000] {processor.py:161} INFO - Started process (PID=203) to work on /opt/airflow/dags/lakehouse_ingest_pipeline.py
[2025-06-18T12:52:17.837+0000] {processor.py:830} INFO - Processing file /opt/airflow/dags/lakehouse_ingest_pipeline.py for tasks to queue
[2025-06-18T12:52:17.839+0000] {logging_mixin.py:188} INFO - [2025-06-18T12:52:17.838+0000] {dagbag.py:545} INFO - Filling up the DagBag from /opt/airflow/dags/lakehouse_ingest_pipeline.py
[2025-06-18T12:52:17.859+0000] {processor.py:840} INFO - DAG(s) 'lakehouse_ingest_pipeline' retrieved from /opt/airflow/dags/lakehouse_ingest_pipeline.py
[2025-06-18T12:52:17.884+0000] {logging_mixin.py:188} INFO - [2025-06-18T12:52:17.884+0000] {dag.py:3096} INFO - Sync 1 DAGs
[2025-06-18T12:52:17.896+0000] {logging_mixin.py:188} INFO - [2025-06-18T12:52:17.895+0000] {dag.py:3954} INFO - Setting next_dagrun for lakehouse_ingest_pipeline to None, run_after=None
[2025-06-18T12:52:17.922+0000] {processor.py:183} INFO - Processing /opt/airflow/dags/lakehouse_ingest_pipeline.py took 0.090 seconds
[2025-06-18T12:52:48.106+0000] {processor.py:161} INFO - Started process (PID=208) to work on /opt/airflow/dags/lakehouse_ingest_pipeline.py
[2025-06-18T12:52:48.107+0000] {processor.py:830} INFO - Processing file /opt/airflow/dags/lakehouse_ingest_pipeline.py for tasks to queue
[2025-06-18T12:52:48.110+0000] {logging_mixin.py:188} INFO - [2025-06-18T12:52:48.110+0000] {dagbag.py:545} INFO - Filling up the DagBag from /opt/airflow/dags/lakehouse_ingest_pipeline.py
[2025-06-18T12:52:48.137+0000] {processor.py:840} INFO - DAG(s) 'lakehouse_ingest_pipeline' retrieved from /opt/airflow/dags/lakehouse_ingest_pipeline.py
[2025-06-18T12:52:48.167+0000] {logging_mixin.py:188} INFO - [2025-06-18T12:52:48.166+0000] {dag.py:3096} INFO - Sync 1 DAGs
[2025-06-18T12:52:48.181+0000] {logging_mixin.py:188} INFO - [2025-06-18T12:52:48.181+0000] {dag.py:3954} INFO - Setting next_dagrun for lakehouse_ingest_pipeline to None, run_after=None
[2025-06-18T12:52:48.222+0000] {processor.py:183} INFO - Processing /opt/airflow/dags/lakehouse_ingest_pipeline.py took 0.121 seconds
[2025-06-18T12:53:18.389+0000] {processor.py:161} INFO - Started process (PID=213) to work on /opt/airflow/dags/lakehouse_ingest_pipeline.py
[2025-06-18T12:53:18.390+0000] {processor.py:830} INFO - Processing file /opt/airflow/dags/lakehouse_ingest_pipeline.py for tasks to queue
[2025-06-18T12:53:18.393+0000] {logging_mixin.py:188} INFO - [2025-06-18T12:53:18.392+0000] {dagbag.py:545} INFO - Filling up the DagBag from /opt/airflow/dags/lakehouse_ingest_pipeline.py
[2025-06-18T12:53:18.416+0000] {processor.py:840} INFO - DAG(s) 'lakehouse_ingest_pipeline' retrieved from /opt/airflow/dags/lakehouse_ingest_pipeline.py
[2025-06-18T12:53:18.456+0000] {logging_mixin.py:188} INFO - [2025-06-18T12:53:18.456+0000] {dag.py:3096} INFO - Sync 1 DAGs
[2025-06-18T12:53:18.471+0000] {logging_mixin.py:188} INFO - [2025-06-18T12:53:18.471+0000] {dag.py:3954} INFO - Setting next_dagrun for lakehouse_ingest_pipeline to None, run_after=None
[2025-06-18T12:53:18.498+0000] {processor.py:183} INFO - Processing /opt/airflow/dags/lakehouse_ingest_pipeline.py took 0.115 seconds
[2025-06-18T12:53:48.742+0000] {processor.py:161} INFO - Started process (PID=218) to work on /opt/airflow/dags/lakehouse_ingest_pipeline.py
[2025-06-18T12:53:48.744+0000] {processor.py:830} INFO - Processing file /opt/airflow/dags/lakehouse_ingest_pipeline.py for tasks to queue
[2025-06-18T12:53:48.746+0000] {logging_mixin.py:188} INFO - [2025-06-18T12:53:48.746+0000] {dagbag.py:545} INFO - Filling up the DagBag from /opt/airflow/dags/lakehouse_ingest_pipeline.py
[2025-06-18T12:53:48.768+0000] {processor.py:840} INFO - DAG(s) 'lakehouse_ingest_pipeline' retrieved from /opt/airflow/dags/lakehouse_ingest_pipeline.py
[2025-06-18T12:53:48.798+0000] {logging_mixin.py:188} INFO - [2025-06-18T12:53:48.798+0000] {dag.py:3096} INFO - Sync 1 DAGs
[2025-06-18T12:53:48.812+0000] {logging_mixin.py:188} INFO - [2025-06-18T12:53:48.812+0000] {dag.py:3954} INFO - Setting next_dagrun for lakehouse_ingest_pipeline to None, run_after=None
[2025-06-18T12:53:48.833+0000] {processor.py:183} INFO - Processing /opt/airflow/dags/lakehouse_ingest_pipeline.py took 0.097 seconds
[2025-06-18T12:54:18.966+0000] {processor.py:161} INFO - Started process (PID=223) to work on /opt/airflow/dags/lakehouse_ingest_pipeline.py
[2025-06-18T12:54:18.967+0000] {processor.py:830} INFO - Processing file /opt/airflow/dags/lakehouse_ingest_pipeline.py for tasks to queue
[2025-06-18T12:54:18.970+0000] {logging_mixin.py:188} INFO - [2025-06-18T12:54:18.969+0000] {dagbag.py:545} INFO - Filling up the DagBag from /opt/airflow/dags/lakehouse_ingest_pipeline.py
[2025-06-18T12:54:18.991+0000] {processor.py:840} INFO - DAG(s) 'lakehouse_ingest_pipeline' retrieved from /opt/airflow/dags/lakehouse_ingest_pipeline.py
[2025-06-18T12:54:19.044+0000] {logging_mixin.py:188} INFO - [2025-06-18T12:54:19.043+0000] {dag.py:3096} INFO - Sync 1 DAGs
[2025-06-18T12:54:19.058+0000] {logging_mixin.py:188} INFO - [2025-06-18T12:54:19.058+0000] {dag.py:3954} INFO - Setting next_dagrun for lakehouse_ingest_pipeline to None, run_after=None
[2025-06-18T12:54:19.079+0000] {processor.py:183} INFO - Processing /opt/airflow/dags/lakehouse_ingest_pipeline.py took 0.118 seconds
[2025-06-18T12:54:49.287+0000] {processor.py:161} INFO - Started process (PID=228) to work on /opt/airflow/dags/lakehouse_ingest_pipeline.py
[2025-06-18T12:54:49.288+0000] {processor.py:830} INFO - Processing file /opt/airflow/dags/lakehouse_ingest_pipeline.py for tasks to queue
[2025-06-18T12:54:49.290+0000] {logging_mixin.py:188} INFO - [2025-06-18T12:54:49.290+0000] {dagbag.py:545} INFO - Filling up the DagBag from /opt/airflow/dags/lakehouse_ingest_pipeline.py
[2025-06-18T12:54:49.307+0000] {processor.py:840} INFO - DAG(s) 'lakehouse_ingest_pipeline' retrieved from /opt/airflow/dags/lakehouse_ingest_pipeline.py
[2025-06-18T12:54:49.333+0000] {logging_mixin.py:188} INFO - [2025-06-18T12:54:49.333+0000] {dag.py:3096} INFO - Sync 1 DAGs
[2025-06-18T12:54:49.345+0000] {logging_mixin.py:188} INFO - [2025-06-18T12:54:49.345+0000] {dag.py:3954} INFO - Setting next_dagrun for lakehouse_ingest_pipeline to None, run_after=None
[2025-06-18T12:54:49.362+0000] {processor.py:183} INFO - Processing /opt/airflow/dags/lakehouse_ingest_pipeline.py took 0.081 seconds
[2025-06-18T12:55:19.596+0000] {processor.py:161} INFO - Started process (PID=233) to work on /opt/airflow/dags/lakehouse_ingest_pipeline.py
[2025-06-18T12:55:19.598+0000] {processor.py:830} INFO - Processing file /opt/airflow/dags/lakehouse_ingest_pipeline.py for tasks to queue
[2025-06-18T12:55:19.600+0000] {logging_mixin.py:188} INFO - [2025-06-18T12:55:19.599+0000] {dagbag.py:545} INFO - Filling up the DagBag from /opt/airflow/dags/lakehouse_ingest_pipeline.py
[2025-06-18T12:55:19.615+0000] {processor.py:840} INFO - DAG(s) 'lakehouse_ingest_pipeline' retrieved from /opt/airflow/dags/lakehouse_ingest_pipeline.py
[2025-06-18T12:55:19.651+0000] {logging_mixin.py:188} INFO - [2025-06-18T12:55:19.651+0000] {dag.py:3096} INFO - Sync 1 DAGs
[2025-06-18T12:55:19.665+0000] {logging_mixin.py:188} INFO - [2025-06-18T12:55:19.665+0000] {dag.py:3954} INFO - Setting next_dagrun for lakehouse_ingest_pipeline to None, run_after=None
[2025-06-18T12:55:19.686+0000] {processor.py:183} INFO - Processing /opt/airflow/dags/lakehouse_ingest_pipeline.py took 0.095 seconds
[2025-06-18T12:55:49.846+0000] {processor.py:161} INFO - Started process (PID=238) to work on /opt/airflow/dags/lakehouse_ingest_pipeline.py
[2025-06-18T12:55:49.848+0000] {processor.py:830} INFO - Processing file /opt/airflow/dags/lakehouse_ingest_pipeline.py for tasks to queue
[2025-06-18T12:55:49.850+0000] {logging_mixin.py:188} INFO - [2025-06-18T12:55:49.849+0000] {dagbag.py:545} INFO - Filling up the DagBag from /opt/airflow/dags/lakehouse_ingest_pipeline.py
[2025-06-18T12:55:49.865+0000] {processor.py:840} INFO - DAG(s) 'lakehouse_ingest_pipeline' retrieved from /opt/airflow/dags/lakehouse_ingest_pipeline.py
[2025-06-18T12:55:49.893+0000] {logging_mixin.py:188} INFO - [2025-06-18T12:55:49.893+0000] {dag.py:3096} INFO - Sync 1 DAGs
[2025-06-18T12:55:49.907+0000] {logging_mixin.py:188} INFO - [2025-06-18T12:55:49.907+0000] {dag.py:3954} INFO - Setting next_dagrun for lakehouse_ingest_pipeline to None, run_after=None
[2025-06-18T12:55:49.929+0000] {processor.py:183} INFO - Processing /opt/airflow/dags/lakehouse_ingest_pipeline.py took 0.087 seconds
[2025-06-18T12:56:20.122+0000] {processor.py:161} INFO - Started process (PID=243) to work on /opt/airflow/dags/lakehouse_ingest_pipeline.py
[2025-06-18T12:56:20.125+0000] {processor.py:830} INFO - Processing file /opt/airflow/dags/lakehouse_ingest_pipeline.py for tasks to queue
[2025-06-18T12:56:20.130+0000] {logging_mixin.py:188} INFO - [2025-06-18T12:56:20.130+0000] {dagbag.py:545} INFO - Filling up the DagBag from /opt/airflow/dags/lakehouse_ingest_pipeline.py
[2025-06-18T12:56:20.176+0000] {processor.py:840} INFO - DAG(s) 'lakehouse_ingest_pipeline' retrieved from /opt/airflow/dags/lakehouse_ingest_pipeline.py
[2025-06-18T12:56:20.221+0000] {logging_mixin.py:188} INFO - [2025-06-18T12:56:20.221+0000] {dag.py:3096} INFO - Sync 1 DAGs
[2025-06-18T12:56:20.247+0000] {logging_mixin.py:188} INFO - [2025-06-18T12:56:20.246+0000] {dag.py:3954} INFO - Setting next_dagrun for lakehouse_ingest_pipeline to None, run_after=None
[2025-06-18T12:56:20.275+0000] {processor.py:183} INFO - Processing /opt/airflow/dags/lakehouse_ingest_pipeline.py took 0.161 seconds
[2025-06-18T12:56:50.373+0000] {processor.py:161} INFO - Started process (PID=248) to work on /opt/airflow/dags/lakehouse_ingest_pipeline.py
[2025-06-18T12:56:50.376+0000] {processor.py:830} INFO - Processing file /opt/airflow/dags/lakehouse_ingest_pipeline.py for tasks to queue
[2025-06-18T12:56:50.387+0000] {logging_mixin.py:188} INFO - [2025-06-18T12:56:50.384+0000] {dagbag.py:545} INFO - Filling up the DagBag from /opt/airflow/dags/lakehouse_ingest_pipeline.py
[2025-06-18T12:56:50.459+0000] {processor.py:840} INFO - DAG(s) 'lakehouse_ingest_pipeline' retrieved from /opt/airflow/dags/lakehouse_ingest_pipeline.py
[2025-06-18T12:56:50.550+0000] {logging_mixin.py:188} INFO - [2025-06-18T12:56:50.550+0000] {dag.py:3096} INFO - Sync 1 DAGs
[2025-06-18T12:56:50.577+0000] {logging_mixin.py:188} INFO - [2025-06-18T12:56:50.577+0000] {dag.py:3954} INFO - Setting next_dagrun for lakehouse_ingest_pipeline to None, run_after=None
[2025-06-18T12:56:50.614+0000] {processor.py:183} INFO - Processing /opt/airflow/dags/lakehouse_ingest_pipeline.py took 0.266 seconds
[2025-06-18T12:57:20.682+0000] {processor.py:161} INFO - Started process (PID=253) to work on /opt/airflow/dags/lakehouse_ingest_pipeline.py
[2025-06-18T12:57:20.683+0000] {processor.py:830} INFO - Processing file /opt/airflow/dags/lakehouse_ingest_pipeline.py for tasks to queue
[2025-06-18T12:57:20.685+0000] {logging_mixin.py:188} INFO - [2025-06-18T12:57:20.685+0000] {dagbag.py:545} INFO - Filling up the DagBag from /opt/airflow/dags/lakehouse_ingest_pipeline.py
[2025-06-18T12:57:20.710+0000] {processor.py:840} INFO - DAG(s) 'lakehouse_ingest_pipeline' retrieved from /opt/airflow/dags/lakehouse_ingest_pipeline.py
[2025-06-18T12:57:20.744+0000] {logging_mixin.py:188} INFO - [2025-06-18T12:57:20.743+0000] {dag.py:3096} INFO - Sync 1 DAGs
[2025-06-18T12:57:20.756+0000] {logging_mixin.py:188} INFO - [2025-06-18T12:57:20.756+0000] {dag.py:3954} INFO - Setting next_dagrun for lakehouse_ingest_pipeline to None, run_after=None
[2025-06-18T12:57:20.782+0000] {processor.py:183} INFO - Processing /opt/airflow/dags/lakehouse_ingest_pipeline.py took 0.105 seconds
[2025-06-18T12:57:51.006+0000] {processor.py:161} INFO - Started process (PID=258) to work on /opt/airflow/dags/lakehouse_ingest_pipeline.py
[2025-06-18T12:57:51.007+0000] {processor.py:830} INFO - Processing file /opt/airflow/dags/lakehouse_ingest_pipeline.py for tasks to queue
[2025-06-18T12:57:51.009+0000] {logging_mixin.py:188} INFO - [2025-06-18T12:57:51.008+0000] {dagbag.py:545} INFO - Filling up the DagBag from /opt/airflow/dags/lakehouse_ingest_pipeline.py
[2025-06-18T12:57:51.035+0000] {processor.py:840} INFO - DAG(s) 'lakehouse_ingest_pipeline' retrieved from /opt/airflow/dags/lakehouse_ingest_pipeline.py
[2025-06-18T12:57:51.070+0000] {logging_mixin.py:188} INFO - [2025-06-18T12:57:51.070+0000] {dag.py:3096} INFO - Sync 1 DAGs
[2025-06-18T12:57:51.085+0000] {logging_mixin.py:188} INFO - [2025-06-18T12:57:51.085+0000] {dag.py:3954} INFO - Setting next_dagrun for lakehouse_ingest_pipeline to None, run_after=None
[2025-06-18T12:57:51.107+0000] {processor.py:183} INFO - Processing /opt/airflow/dags/lakehouse_ingest_pipeline.py took 0.107 seconds
[2025-06-18T12:58:21.251+0000] {processor.py:161} INFO - Started process (PID=263) to work on /opt/airflow/dags/lakehouse_ingest_pipeline.py
[2025-06-18T12:58:21.252+0000] {processor.py:830} INFO - Processing file /opt/airflow/dags/lakehouse_ingest_pipeline.py for tasks to queue
[2025-06-18T12:58:21.254+0000] {logging_mixin.py:188} INFO - [2025-06-18T12:58:21.254+0000] {dagbag.py:545} INFO - Filling up the DagBag from /opt/airflow/dags/lakehouse_ingest_pipeline.py
[2025-06-18T12:58:21.277+0000] {processor.py:840} INFO - DAG(s) 'lakehouse_ingest_pipeline' retrieved from /opt/airflow/dags/lakehouse_ingest_pipeline.py
[2025-06-18T12:58:21.303+0000] {logging_mixin.py:188} INFO - [2025-06-18T12:58:21.303+0000] {dag.py:3096} INFO - Sync 1 DAGs
[2025-06-18T12:58:21.314+0000] {logging_mixin.py:188} INFO - [2025-06-18T12:58:21.314+0000] {dag.py:3954} INFO - Setting next_dagrun for lakehouse_ingest_pipeline to None, run_after=None
[2025-06-18T12:58:21.336+0000] {processor.py:183} INFO - Processing /opt/airflow/dags/lakehouse_ingest_pipeline.py took 0.091 seconds
[2025-06-18T12:59:51.466+0000] {processor.py:161} INFO - Started process (PID=169) to work on /opt/airflow/dags/lakehouse_ingest_pipeline.py
[2025-06-18T12:59:51.468+0000] {processor.py:830} INFO - Processing file /opt/airflow/dags/lakehouse_ingest_pipeline.py for tasks to queue
[2025-06-18T12:59:51.475+0000] {logging_mixin.py:188} INFO - [2025-06-18T12:59:51.474+0000] {dagbag.py:545} INFO - Filling up the DagBag from /opt/airflow/dags/lakehouse_ingest_pipeline.py
[2025-06-18T12:59:51.528+0000] {processor.py:840} INFO - DAG(s) 'lakehouse_ingest_pipeline' retrieved from /opt/airflow/dags/lakehouse_ingest_pipeline.py
[2025-06-18T12:59:51.905+0000] {logging_mixin.py:188} INFO - [2025-06-18T12:59:51.905+0000] {override.py:1829} INFO - Created Permission View: can read on DAG:lakehouse_ingest_pipeline
[2025-06-18T12:59:51.923+0000] {logging_mixin.py:188} INFO - [2025-06-18T12:59:51.922+0000] {override.py:1829} INFO - Created Permission View: can edit on DAG:lakehouse_ingest_pipeline
[2025-06-18T12:59:51.935+0000] {logging_mixin.py:188} INFO - [2025-06-18T12:59:51.934+0000] {override.py:1829} INFO - Created Permission View: can delete on DAG:lakehouse_ingest_pipeline
[2025-06-18T12:59:51.936+0000] {logging_mixin.py:188} INFO - [2025-06-18T12:59:51.936+0000] {dag.py:3096} INFO - Sync 1 DAGs
[2025-06-18T12:59:51.954+0000] {logging_mixin.py:188} INFO - [2025-06-18T12:59:51.954+0000] {dag.py:3118} INFO - Creating ORM DAG for lakehouse_ingest_pipeline
[2025-06-18T12:59:51.957+0000] {logging_mixin.py:188} INFO - [2025-06-18T12:59:51.956+0000] {dag.py:3954} INFO - Setting next_dagrun for lakehouse_ingest_pipeline to None, run_after=None
[2025-06-18T12:59:51.995+0000] {processor.py:183} INFO - Processing /opt/airflow/dags/lakehouse_ingest_pipeline.py took 0.540 seconds
[2025-06-18T13:00:22.413+0000] {processor.py:161} INFO - Started process (PID=174) to work on /opt/airflow/dags/lakehouse_ingest_pipeline.py
[2025-06-18T13:00:22.415+0000] {processor.py:830} INFO - Processing file /opt/airflow/dags/lakehouse_ingest_pipeline.py for tasks to queue
[2025-06-18T13:00:22.418+0000] {logging_mixin.py:188} INFO - [2025-06-18T13:00:22.418+0000] {dagbag.py:545} INFO - Filling up the DagBag from /opt/airflow/dags/lakehouse_ingest_pipeline.py
[2025-06-18T13:00:22.448+0000] {processor.py:840} INFO - DAG(s) 'lakehouse_ingest_pipeline' retrieved from /opt/airflow/dags/lakehouse_ingest_pipeline.py
[2025-06-18T13:00:22.500+0000] {logging_mixin.py:188} INFO - [2025-06-18T13:00:22.500+0000] {dag.py:3096} INFO - Sync 1 DAGs
[2025-06-18T13:00:22.522+0000] {logging_mixin.py:188} INFO - [2025-06-18T13:00:22.522+0000] {dag.py:3954} INFO - Setting next_dagrun for lakehouse_ingest_pipeline to None, run_after=None
[2025-06-18T13:00:22.552+0000] {processor.py:183} INFO - Processing /opt/airflow/dags/lakehouse_ingest_pipeline.py took 0.149 seconds
[2025-06-18T13:00:52.641+0000] {processor.py:161} INFO - Started process (PID=179) to work on /opt/airflow/dags/lakehouse_ingest_pipeline.py
[2025-06-18T13:00:52.642+0000] {processor.py:830} INFO - Processing file /opt/airflow/dags/lakehouse_ingest_pipeline.py for tasks to queue
[2025-06-18T13:00:52.644+0000] {logging_mixin.py:188} INFO - [2025-06-18T13:00:52.643+0000] {dagbag.py:545} INFO - Filling up the DagBag from /opt/airflow/dags/lakehouse_ingest_pipeline.py
[2025-06-18T13:00:52.661+0000] {processor.py:840} INFO - DAG(s) 'lakehouse_ingest_pipeline' retrieved from /opt/airflow/dags/lakehouse_ingest_pipeline.py
[2025-06-18T13:00:52.690+0000] {logging_mixin.py:188} INFO - [2025-06-18T13:00:52.690+0000] {dag.py:3096} INFO - Sync 1 DAGs
[2025-06-18T13:00:52.704+0000] {logging_mixin.py:188} INFO - [2025-06-18T13:00:52.704+0000] {dag.py:3954} INFO - Setting next_dagrun for lakehouse_ingest_pipeline to None, run_after=None
[2025-06-18T13:00:52.722+0000] {processor.py:183} INFO - Processing /opt/airflow/dags/lakehouse_ingest_pipeline.py took 0.087 seconds
[2025-06-18T13:01:22.904+0000] {processor.py:161} INFO - Started process (PID=184) to work on /opt/airflow/dags/lakehouse_ingest_pipeline.py
[2025-06-18T13:01:22.906+0000] {processor.py:830} INFO - Processing file /opt/airflow/dags/lakehouse_ingest_pipeline.py for tasks to queue
[2025-06-18T13:01:22.907+0000] {logging_mixin.py:188} INFO - [2025-06-18T13:01:22.907+0000] {dagbag.py:545} INFO - Filling up the DagBag from /opt/airflow/dags/lakehouse_ingest_pipeline.py
[2025-06-18T13:01:22.927+0000] {processor.py:840} INFO - DAG(s) 'lakehouse_ingest_pipeline' retrieved from /opt/airflow/dags/lakehouse_ingest_pipeline.py
[2025-06-18T13:01:22.957+0000] {logging_mixin.py:188} INFO - [2025-06-18T13:01:22.957+0000] {dag.py:3096} INFO - Sync 1 DAGs
[2025-06-18T13:01:22.971+0000] {logging_mixin.py:188} INFO - [2025-06-18T13:01:22.971+0000] {dag.py:3954} INFO - Setting next_dagrun for lakehouse_ingest_pipeline to None, run_after=None
[2025-06-18T13:01:22.993+0000] {processor.py:183} INFO - Processing /opt/airflow/dags/lakehouse_ingest_pipeline.py took 0.093 seconds
