[2025-06-18T12:48:45.082+0000] {manager.py:470} INFO - Processing files using up to 2 processes at a time 
[2025-06-18T12:48:45.083+0000] {manager.py:471} INFO - Process each file at most once every 30 seconds
[2025-06-18T12:48:45.084+0000] {manager.py:472} INFO - Checking for new files in /opt/airflow/dags every 300 seconds
[2025-06-18T12:48:45.086+0000] {manager.py:737} INFO - Searching for files in /opt/airflow/dags
[2025-06-18T12:48:45.152+0000] {manager.py:740} INFO - There are 1 files in /opt/airflow/dags
[2025-06-18T12:48:45.235+0000] {manager.py:878} INFO - 
================================================================================
DAG File Processing Stats

File Path                                         PID  Runtime      # DAGs    # Errors  Last Runtime    Last Run
----------------------------------------------  -----  ---------  --------  ----------  --------------  ----------
/opt/airflow/dags/lakehouse_ingest_pipeline.py    168  0.04s             0           0
================================================================================
[2025-06-18T12:49:15.421+0000] {manager.py:878} INFO - 
================================================================================
DAG File Processing Stats

File Path                                       PID    Runtime      # DAGs    # Errors  Last Runtime    Last Run
----------------------------------------------  -----  ---------  --------  ----------  --------------  -------------------
/opt/airflow/dags/lakehouse_ingest_pipeline.py                           1           0  0.33s           2025-06-18T12:48:45
================================================================================
[2025-06-18T12:49:45.975+0000] {manager.py:878} INFO - 
================================================================================
DAG File Processing Stats

File Path                                         PID  Runtime      # DAGs    # Errors  Last Runtime    Last Run
----------------------------------------------  -----  ---------  --------  ----------  --------------  -------------------
/opt/airflow/dags/lakehouse_ingest_pipeline.py    178  0.01s             1           0  0.12s           2025-06-18T12:49:15
================================================================================
[2025-06-18T12:50:16.333+0000] {manager.py:878} INFO - 
================================================================================
DAG File Processing Stats

File Path                                         PID  Runtime      # DAGs    # Errors  Last Runtime    Last Run
----------------------------------------------  -----  ---------  --------  ----------  --------------  -------------------
/opt/airflow/dags/lakehouse_ingest_pipeline.py    183  0.01s             1           0  0.17s           2025-06-18T12:49:46
================================================================================
[2025-06-18T12:50:46.678+0000] {manager.py:878} INFO - 
================================================================================
DAG File Processing Stats

File Path                                         PID  Runtime      # DAGs    # Errors  Last Runtime    Last Run
----------------------------------------------  -----  ---------  --------  ----------  --------------  -------------------
/opt/airflow/dags/lakehouse_ingest_pipeline.py    188  0.01s             1           0  0.18s           2025-06-18T12:50:16
================================================================================
[2025-06-18T12:51:16.990+0000] {manager.py:878} INFO - 
================================================================================
DAG File Processing Stats

File Path                                       PID    Runtime      # DAGs    # Errors  Last Runtime    Last Run
----------------------------------------------  -----  ---------  --------  ----------  --------------  -------------------
/opt/airflow/dags/lakehouse_ingest_pipeline.py                           1           0  0.31s           2025-06-18T12:50:46
================================================================================
[2025-06-18T12:51:47.500+0000] {manager.py:878} INFO - 
================================================================================
DAG File Processing Stats

File Path                                         PID  Runtime      # DAGs    # Errors  Last Runtime    Last Run
----------------------------------------------  -----  ---------  --------  ----------  --------------  -------------------
/opt/airflow/dags/lakehouse_ingest_pipeline.py    198  0.00s             1           0  0.23s           2025-06-18T12:51:17
================================================================================
[2025-06-18T12:52:17.813+0000] {manager.py:878} INFO - 
================================================================================
DAG File Processing Stats

File Path                                         PID  Runtime      # DAGs    # Errors  Last Runtime    Last Run
----------------------------------------------  -----  ---------  --------  ----------  --------------  -------------------
/opt/airflow/dags/lakehouse_ingest_pipeline.py    203  0.01s             1           0  0.12s           2025-06-18T12:51:47
================================================================================
[2025-06-18T12:52:48.074+0000] {manager.py:878} INFO - 
================================================================================
DAG File Processing Stats

File Path                                         PID  Runtime      # DAGs    # Errors  Last Runtime    Last Run
----------------------------------------------  -----  ---------  --------  ----------  --------------  -------------------
/opt/airflow/dags/lakehouse_ingest_pipeline.py    208  0.01s             1           0  0.13s           2025-06-18T12:52:17
================================================================================
[2025-06-18T12:53:18.364+0000] {manager.py:878} INFO - 
================================================================================
DAG File Processing Stats

File Path                                         PID  Runtime      # DAGs    # Errors  Last Runtime    Last Run
----------------------------------------------  -----  ---------  --------  ----------  --------------  -------------------
/opt/airflow/dags/lakehouse_ingest_pipeline.py    213  0.00s             1           0  0.18s           2025-06-18T12:52:48
================================================================================
[2025-06-18T12:53:45.652+0000] {manager.py:737} INFO - Searching for files in /opt/airflow/dags
[2025-06-18T12:53:45.677+0000] {manager.py:740} INFO - There are 1 files in /opt/airflow/dags
[2025-06-18T12:53:48.721+0000] {manager.py:878} INFO - 
================================================================================
DAG File Processing Stats

File Path                                         PID  Runtime      # DAGs    # Errors  Last Runtime    Last Run
----------------------------------------------  -----  ---------  --------  ----------  --------------  -------------------
/opt/airflow/dags/lakehouse_ingest_pipeline.py    218  0.00s             1           0  0.15s           2025-06-18T12:53:18
================================================================================
[2025-06-18T12:54:18.943+0000] {manager.py:878} INFO - 
================================================================================
DAG File Processing Stats

File Path                                         PID  Runtime      # DAGs    # Errors  Last Runtime    Last Run
----------------------------------------------  -----  ---------  --------  ----------  --------------  -------------------
/opt/airflow/dags/lakehouse_ingest_pipeline.py    223  0.00s             1           0  0.12s           2025-06-18T12:53:48
================================================================================
[2025-06-18T12:54:49.271+0000] {manager.py:878} INFO - 
================================================================================
DAG File Processing Stats

File Path                                         PID  Runtime      # DAGs    # Errors  Last Runtime    Last Run
----------------------------------------------  -----  ---------  --------  ----------  --------------  -------------------
/opt/airflow/dags/lakehouse_ingest_pipeline.py    228  0.01s             1           0  0.15s           2025-06-18T12:54:19
================================================================================
[2025-06-18T12:55:19.582+0000] {manager.py:878} INFO - 
================================================================================
DAG File Processing Stats

File Path                                         PID  Runtime      # DAGs    # Errors  Last Runtime    Last Run
----------------------------------------------  -----  ---------  --------  ----------  --------------  -------------------
/opt/airflow/dags/lakehouse_ingest_pipeline.py    233  0.00s             1           0  0.10s           2025-06-18T12:54:49
================================================================================
[2025-06-18T12:55:49.829+0000] {manager.py:878} INFO - 
================================================================================
DAG File Processing Stats

File Path                                         PID  Runtime      # DAGs    # Errors  Last Runtime    Last Run
----------------------------------------------  -----  ---------  --------  ----------  --------------  -------------------
/opt/airflow/dags/lakehouse_ingest_pipeline.py    238  0.00s             1           0  0.12s           2025-06-18T12:55:19
================================================================================
[2025-06-18T12:56:20.099+0000] {manager.py:878} INFO - 
================================================================================
DAG File Processing Stats

File Path                                         PID  Runtime      # DAGs    # Errors  Last Runtime    Last Run
----------------------------------------------  -----  ---------  --------  ----------  --------------  -------------------
/opt/airflow/dags/lakehouse_ingest_pipeline.py    243  0.00s             1           0  0.11s           2025-06-18T12:55:49
================================================================================
[2025-06-18T12:56:50.322+0000] {manager.py:878} INFO - 
================================================================================
DAG File Processing Stats

File Path                                         PID  Runtime      # DAGs    # Errors  Last Runtime    Last Run
----------------------------------------------  -----  ---------  --------  ----------  --------------  -------------------
/opt/airflow/dags/lakehouse_ingest_pipeline.py    248  0.01s             1           0  0.19s           2025-06-18T12:56:20
================================================================================
[2025-06-18T12:57:20.651+0000] {manager.py:878} INFO - 
================================================================================
DAG File Processing Stats

File Path                                         PID  Runtime      # DAGs    # Errors  Last Runtime    Last Run
----------------------------------------------  -----  ---------  --------  ----------  --------------  -------------------
/opt/airflow/dags/lakehouse_ingest_pipeline.py    253  0.00s             1           0  0.31s           2025-06-18T12:56:50
================================================================================
[2025-06-18T12:57:50.983+0000] {manager.py:878} INFO - 
================================================================================
DAG File Processing Stats

File Path                                         PID  Runtime      # DAGs    # Errors  Last Runtime    Last Run
----------------------------------------------  -----  ---------  --------  ----------  --------------  -------------------
/opt/airflow/dags/lakehouse_ingest_pipeline.py    258  0.01s             1           0  0.15s           2025-06-18T12:57:20
================================================================================
[2025-06-18T12:58:21.225+0000] {manager.py:878} INFO - 
================================================================================
DAG File Processing Stats

File Path                                         PID  Runtime      # DAGs    # Errors  Last Runtime    Last Run
----------------------------------------------  -----  ---------  --------  ----------  --------------  -------------------
/opt/airflow/dags/lakehouse_ingest_pipeline.py    263  0.00s             1           0  0.14s           2025-06-18T12:57:51
================================================================================
[2025-06-18T12:58:38.606+0000] {manager.py:452} INFO - Exiting gracefully upon receiving signal 15
