[2025-06-18T14:23:33.682+0000] {local_task_job_runner.py:120} INFO - ::group::Pre task execution logs
[2025-06-18T14:23:33.727+0000] {taskinstance.py:2076} INFO - Dependencies all met for dep_context=non-requeueable deps ti=<TaskInstance: lakehouse_ingest_pipeline.spark_streaming_bronze manual__2025-06-18T14:21:21.483408+00:00 [queued]>
[2025-06-18T14:23:33.736+0000] {taskinstance.py:2076} INFO - Dependencies all met for dep_context=requeueable deps ti=<TaskInstance: lakehouse_ingest_pipeline.spark_streaming_bronze manual__2025-06-18T14:21:21.483408+00:00 [queued]>
[2025-06-18T14:23:33.737+0000] {taskinstance.py:2306} INFO - Starting attempt 2 of 2
[2025-06-18T14:23:33.751+0000] {taskinstance.py:2330} INFO - Executing <Task(BashOperator): spark_streaming_bronze> on 2025-06-18 14:21:21.483408+00:00
[2025-06-18T14:23:33.758+0000] {standard_task_runner.py:90} INFO - Running: ['***', 'tasks', 'run', 'lakehouse_ingest_pipeline', 'spark_streaming_bronze', 'manual__2025-06-18T14:21:21.483408+00:00', '--job-id', '23', '--raw', '--subdir', 'DAGS_FOLDER/lakehouse_ingest_pipeline.py', '--cfg-path', '/tmp/tmp84parj5q']
[2025-06-18T14:23:33.758+0000] {logging_mixin.py:188} WARNING - /home/***/.local/lib/python3.12/site-packages/***/task/task_runner/standard_task_runner.py:61 DeprecationWarning: This process (pid=306) is multi-threaded, use of fork() may lead to deadlocks in the child.
[2025-06-18T14:23:33.760+0000] {standard_task_runner.py:91} INFO - Job 23: Subtask spark_streaming_bronze
[2025-06-18T14:23:33.761+0000] {standard_task_runner.py:63} INFO - Started process 307 to run task
[2025-06-18T14:23:33.779+0000] {logging_mixin.py:188} WARNING - /home/***/.local/lib/python3.12/site-packages/***/settings.py:195 DeprecationWarning: The sql_alchemy_conn option in [core] has been moved to the sql_alchemy_conn option in [database] - the old setting has been used, but please update your config.
[2025-06-18T14:23:33.816+0000] {task_command.py:426} INFO - Running <TaskInstance: lakehouse_ingest_pipeline.spark_streaming_bronze manual__2025-06-18T14:21:21.483408+00:00 [running]> on host 7aad3b6a01bd
[2025-06-18T14:23:33.892+0000] {taskinstance.py:2648} INFO - Exporting env vars: AIRFLOW_CTX_DAG_OWNER='***' AIRFLOW_CTX_DAG_ID='lakehouse_ingest_pipeline' AIRFLOW_CTX_TASK_ID='spark_streaming_bronze' AIRFLOW_CTX_EXECUTION_DATE='2025-06-18T14:21:21.483408+00:00' AIRFLOW_CTX_TRY_NUMBER='2' AIRFLOW_CTX_DAG_RUN_ID='manual__2025-06-18T14:21:21.483408+00:00'
[2025-06-18T14:23:33.893+0000] {taskinstance.py:430} INFO - ::endgroup::
[2025-06-18T14:23:33.911+0000] {subprocess.py:63} INFO - Tmp dir root location: /tmp
[2025-06-18T14:23:33.913+0000] {subprocess.py:75} INFO - Running command: ['/usr/bin/bash', '-c', 'docker exec spark /opt/bitnami/spark/bin/spark-submit --master spark://spark:7077 --conf spark.driver.memory=1g --conf spark.executor.memory=1g --name KafkaToBronze /opt/bitnami/spark/spark_jobs/footware/kafka_to_bronze.py']
[2025-06-18T14:23:33.923+0000] {subprocess.py:86} INFO - Output:
[2025-06-18T14:23:36.357+0000] {subprocess.py:93} INFO - 25/06/18 14:23:36 INFO SparkContext: Running Spark version 3.5.0
[2025-06-18T14:23:36.357+0000] {subprocess.py:93} INFO - 25/06/18 14:23:36 INFO SparkContext: OS info Linux, 5.15.167.4-microsoft-standard-WSL2, amd64
[2025-06-18T14:23:36.358+0000] {subprocess.py:93} INFO - 25/06/18 14:23:36 INFO SparkContext: Java version 17.0.10
[2025-06-18T14:23:36.379+0000] {subprocess.py:93} INFO - 25/06/18 14:23:36 INFO ResourceUtils: ==============================================================
[2025-06-18T14:23:36.380+0000] {subprocess.py:93} INFO - 25/06/18 14:23:36 INFO ResourceUtils: No custom resources configured for spark.driver.
[2025-06-18T14:23:36.381+0000] {subprocess.py:93} INFO - 25/06/18 14:23:36 INFO ResourceUtils: ==============================================================
[2025-06-18T14:23:36.381+0000] {subprocess.py:93} INFO - 25/06/18 14:23:36 INFO SparkContext: Submitted application: KafkaToBronzeFootware
[2025-06-18T14:23:36.398+0000] {subprocess.py:93} INFO - 25/06/18 14:23:36 INFO ResourceProfile: Default ResourceProfile created, executor resources: Map(memory -> name: memory, amount: 1024, script: , vendor: , offHeap -> name: offHeap, amount: 0, script: , vendor: ), task resources: Map(cpus -> name: cpus, amount: 1.0)
[2025-06-18T14:23:36.404+0000] {subprocess.py:93} INFO - 25/06/18 14:23:36 INFO ResourceProfile: Limiting resource is cpu
[2025-06-18T14:23:36.405+0000] {subprocess.py:93} INFO - 25/06/18 14:23:36 INFO ResourceProfileManager: Added ResourceProfile id: 0
[2025-06-18T14:23:36.439+0000] {subprocess.py:93} INFO - 25/06/18 14:23:36 INFO SecurityManager: Changing view acls to: spark
[2025-06-18T14:23:36.440+0000] {subprocess.py:93} INFO - 25/06/18 14:23:36 INFO SecurityManager: Changing modify acls to: spark
[2025-06-18T14:23:36.441+0000] {subprocess.py:93} INFO - 25/06/18 14:23:36 INFO SecurityManager: Changing view acls groups to:
[2025-06-18T14:23:36.441+0000] {subprocess.py:93} INFO - 25/06/18 14:23:36 INFO SecurityManager: Changing modify acls groups to:
[2025-06-18T14:23:36.442+0000] {subprocess.py:93} INFO - 25/06/18 14:23:36 INFO SecurityManager: SecurityManager: authentication disabled; ui acls disabled; users with view permissions: spark; groups with view permissions: EMPTY; users with modify permissions: spark; groups with modify permissions: EMPTY
[2025-06-18T14:23:36.483+0000] {subprocess.py:93} INFO - 25/06/18 14:23:36 WARN NativeCodeLoader: Unable to load native-hadoop library for your platform... using builtin-java classes where applicable
[2025-06-18T14:23:36.662+0000] {subprocess.py:93} INFO - 25/06/18 14:23:36 INFO Utils: Successfully started service 'sparkDriver' on port 36871.
[2025-06-18T14:23:36.682+0000] {subprocess.py:93} INFO - 25/06/18 14:23:36 INFO SparkEnv: Registering MapOutputTracker
[2025-06-18T14:23:36.710+0000] {subprocess.py:93} INFO - 25/06/18 14:23:36 INFO SparkEnv: Registering BlockManagerMaster
[2025-06-18T14:23:36.725+0000] {subprocess.py:93} INFO - 25/06/18 14:23:36 INFO BlockManagerMasterEndpoint: Using org.apache.spark.storage.DefaultTopologyMapper for getting topology information
[2025-06-18T14:23:36.726+0000] {subprocess.py:93} INFO - 25/06/18 14:23:36 INFO BlockManagerMasterEndpoint: BlockManagerMasterEndpoint up
[2025-06-18T14:23:36.730+0000] {subprocess.py:93} INFO - 25/06/18 14:23:36 INFO SparkEnv: Registering BlockManagerMasterHeartbeat
[2025-06-18T14:23:36.745+0000] {subprocess.py:93} INFO - 25/06/18 14:23:36 INFO DiskBlockManager: Created local directory at /tmp/blockmgr-0c186f1a-af9d-43f7-85c1-864b01a7fe49
[2025-06-18T14:23:36.756+0000] {subprocess.py:93} INFO - 25/06/18 14:23:36 INFO MemoryStore: MemoryStore started with capacity 434.4 MiB
[2025-06-18T14:23:36.769+0000] {subprocess.py:93} INFO - 25/06/18 14:23:36 INFO SparkEnv: Registering OutputCommitCoordinator
[2025-06-18T14:23:36.857+0000] {subprocess.py:93} INFO - 25/06/18 14:23:36 INFO JettyUtils: Start Jetty 0.0.0.0:4040 for SparkUI
[2025-06-18T14:23:36.907+0000] {subprocess.py:93} INFO - 25/06/18 14:23:36 INFO Utils: Successfully started service 'SparkUI' on port 4040.
[2025-06-18T14:23:37.014+0000] {subprocess.py:93} INFO - 25/06/18 14:23:37 INFO StandaloneAppClient$ClientEndpoint: Connecting to master spark://spark:7077...
[2025-06-18T14:23:37.046+0000] {subprocess.py:93} INFO - 25/06/18 14:23:37 INFO TransportClientFactory: Successfully created connection to spark/172.18.0.8:7077 after 19 ms (0 ms spent in bootstraps)
[2025-06-18T14:23:37.115+0000] {subprocess.py:93} INFO - 25/06/18 14:23:37 INFO StandaloneSchedulerBackend: Connected to Spark cluster with app ID app-20250618142337-0003
[2025-06-18T14:23:37.123+0000] {subprocess.py:93} INFO - 25/06/18 14:23:37 INFO Utils: Successfully started service 'org.apache.spark.network.netty.NettyBlockTransferService' on port 43355.
[2025-06-18T14:23:37.124+0000] {subprocess.py:93} INFO - 25/06/18 14:23:37 INFO NettyBlockTransferService: Server created on 5bf3c8b25f1a:43355
[2025-06-18T14:23:37.125+0000] {subprocess.py:93} INFO - 25/06/18 14:23:37 INFO BlockManager: Using org.apache.spark.storage.RandomBlockReplicationPolicy for block replication policy
[2025-06-18T14:23:37.129+0000] {subprocess.py:93} INFO - 25/06/18 14:23:37 INFO BlockManagerMaster: Registering BlockManager BlockManagerId(driver, 5bf3c8b25f1a, 43355, None)
[2025-06-18T14:23:37.132+0000] {subprocess.py:93} INFO - 25/06/18 14:23:37 INFO BlockManagerMasterEndpoint: Registering block manager 5bf3c8b25f1a:43355 with 434.4 MiB RAM, BlockManagerId(driver, 5bf3c8b25f1a, 43355, None)
[2025-06-18T14:23:37.134+0000] {subprocess.py:93} INFO - 25/06/18 14:23:37 INFO BlockManagerMaster: Registered BlockManager BlockManagerId(driver, 5bf3c8b25f1a, 43355, None)
[2025-06-18T14:23:37.135+0000] {subprocess.py:93} INFO - 25/06/18 14:23:37 INFO BlockManager: Initialized BlockManager: BlockManagerId(driver, 5bf3c8b25f1a, 43355, None)
[2025-06-18T14:23:37.265+0000] {subprocess.py:93} INFO - 25/06/18 14:23:37 INFO StandaloneSchedulerBackend: SchedulerBackend is ready for scheduling beginning after reached minRegisteredResourcesRatio: 0.0
[2025-06-18T14:23:37.453+0000] {subprocess.py:93} INFO - 25/06/18 14:23:37 INFO SharedState: spark.sql.warehouse.dir is not set, but hive.metastore.warehouse.dir is set. Setting spark.sql.warehouse.dir to the value of hive.metastore.warehouse.dir.
[2025-06-18T14:23:37.564+0000] {subprocess.py:93} INFO - 25/06/18 14:23:37 WARN MetricsConfig: Cannot locate configuration: tried hadoop-metrics2-s3a-file-system.properties,hadoop-metrics2.properties
[2025-06-18T14:23:37.576+0000] {subprocess.py:93} INFO - 25/06/18 14:23:37 INFO MetricsSystemImpl: Scheduled Metric snapshot period at 10 second(s).
[2025-06-18T14:23:37.576+0000] {subprocess.py:93} INFO - 25/06/18 14:23:37 INFO MetricsSystemImpl: s3a-file-system metrics system started
[2025-06-18T14:23:38.020+0000] {subprocess.py:93} INFO - 25/06/18 14:23:38 INFO SharedState: Warehouse path is 's3a://warehouse'.
[2025-06-18T14:23:38.764+0000] {subprocess.py:93} INFO - Traceback (most recent call last):
[2025-06-18T14:23:38.765+0000] {subprocess.py:93} INFO -   File "/opt/bitnami/spark/spark_jobs/footware/kafka_to_bronze.py", line 34, in <module>
[2025-06-18T14:23:38.769+0000] {subprocess.py:93} INFO -     .load()
[2025-06-18T14:23:38.770+0000] {subprocess.py:93} INFO -      ^^^^^^
[2025-06-18T14:23:38.771+0000] {subprocess.py:93} INFO -   File "/opt/bitnami/spark/python/lib/pyspark.zip/pyspark/sql/streaming/readwriter.py", line 304, in load
[2025-06-18T14:23:38.771+0000] {subprocess.py:93} INFO -   File "/opt/bitnami/spark/python/lib/py4j-0.10.9.7-src.zip/py4j/java_gateway.py", line 1322, in __call__
[2025-06-18T14:23:38.772+0000] {subprocess.py:93} INFO -   File "/opt/bitnami/spark/python/lib/pyspark.zip/pyspark/errors/exceptions/captured.py", line 185, in deco
[2025-06-18T14:23:38.787+0000] {subprocess.py:93} INFO - pyspark.errors.exceptions.captured.AnalysisException: Failed to find data source: kafka. Please deploy the application as per the deployment section of Structured Streaming + Kafka Integration Guide.
[2025-06-18T14:23:38.841+0000] {subprocess.py:93} INFO - 25/06/18 14:23:38 INFO SparkContext: Invoking stop() from shutdown hook
[2025-06-18T14:23:38.842+0000] {subprocess.py:93} INFO - 25/06/18 14:23:38 INFO SparkContext: SparkContext is stopping with exitCode 0.
[2025-06-18T14:23:38.858+0000] {subprocess.py:93} INFO - 25/06/18 14:23:38 INFO SparkUI: Stopped Spark web UI at http://5bf3c8b25f1a:4040
[2025-06-18T14:23:38.861+0000] {subprocess.py:93} INFO - 25/06/18 14:23:38 INFO StandaloneSchedulerBackend: Shutting down all executors
[2025-06-18T14:23:38.864+0000] {subprocess.py:93} INFO - 25/06/18 14:23:38 INFO StandaloneSchedulerBackend$StandaloneDriverEndpoint: Asking each executor to shut down
[2025-06-18T14:23:38.876+0000] {subprocess.py:93} INFO - 25/06/18 14:23:38 INFO MapOutputTrackerMasterEndpoint: MapOutputTrackerMasterEndpoint stopped!
[2025-06-18T14:23:38.887+0000] {subprocess.py:93} INFO - 25/06/18 14:23:38 INFO MemoryStore: MemoryStore cleared
[2025-06-18T14:23:38.887+0000] {subprocess.py:93} INFO - 25/06/18 14:23:38 INFO BlockManager: BlockManager stopped
[2025-06-18T14:23:38.891+0000] {subprocess.py:93} INFO - 25/06/18 14:23:38 INFO BlockManagerMaster: BlockManagerMaster stopped
[2025-06-18T14:23:38.893+0000] {subprocess.py:93} INFO - 25/06/18 14:23:38 INFO OutputCommitCoordinator$OutputCommitCoordinatorEndpoint: OutputCommitCoordinator stopped!
[2025-06-18T14:23:38.901+0000] {subprocess.py:93} INFO - 25/06/18 14:23:38 INFO SparkContext: Successfully stopped SparkContext
[2025-06-18T14:23:38.902+0000] {subprocess.py:93} INFO - 25/06/18 14:23:38 INFO ShutdownHookManager: Shutdown hook called
[2025-06-18T14:23:38.902+0000] {subprocess.py:93} INFO - 25/06/18 14:23:38 INFO ShutdownHookManager: Deleting directory /tmp/spark-01675d4f-c4e8-4c09-bc42-249233c5f794
[2025-06-18T14:23:38.905+0000] {subprocess.py:93} INFO - 25/06/18 14:23:38 INFO ShutdownHookManager: Deleting directory /tmp/spark-01675d4f-c4e8-4c09-bc42-249233c5f794/pyspark-16a452f8-9aa8-4138-b687-713df5975169
[2025-06-18T14:23:38.908+0000] {subprocess.py:93} INFO - 25/06/18 14:23:38 INFO ShutdownHookManager: Deleting directory /tmp/spark-0b416405-8fc1-4eaa-b312-bac4979b1222
[2025-06-18T14:23:38.913+0000] {subprocess.py:93} INFO - 25/06/18 14:23:38 INFO MetricsSystemImpl: Stopping s3a-file-system metrics system...
[2025-06-18T14:23:38.914+0000] {subprocess.py:93} INFO - 25/06/18 14:23:38 INFO MetricsSystemImpl: s3a-file-system metrics system stopped.
[2025-06-18T14:23:38.915+0000] {subprocess.py:93} INFO - 25/06/18 14:23:38 INFO MetricsSystemImpl: s3a-file-system metrics system shutdown complete.
[2025-06-18T14:23:38.952+0000] {subprocess.py:97} INFO - Command exited with return code 1
[2025-06-18T14:23:38.953+0000] {taskinstance.py:441} INFO - ::group::Post task execution logs
[2025-06-18T14:23:38.962+0000] {taskinstance.py:2905} ERROR - Task failed with exception
Traceback (most recent call last):
  File "/home/airflow/.local/lib/python3.12/site-packages/airflow/models/taskinstance.py", line 465, in _execute_task
    result = _execute_callable(context=context, **execute_callable_kwargs)
             ^^^^^^^^^^^^^^^^^^^^^^^^^^^^^^^^^^^^^^^^^^^^^^^^^^^^^^^^^^^^^
  File "/home/airflow/.local/lib/python3.12/site-packages/airflow/models/taskinstance.py", line 432, in _execute_callable
    return execute_callable(context=context, **execute_callable_kwargs)
           ^^^^^^^^^^^^^^^^^^^^^^^^^^^^^^^^^^^^^^^^^^^^^^^^^^^^^^^^^^^^
  File "/home/airflow/.local/lib/python3.12/site-packages/airflow/models/baseoperator.py", line 401, in wrapper
    return func(self, *args, **kwargs)
           ^^^^^^^^^^^^^^^^^^^^^^^^^^^
  File "/home/airflow/.local/lib/python3.12/site-packages/airflow/operators/bash.py", line 243, in execute
    raise AirflowException(
airflow.exceptions.AirflowException: Bash command failed. The command returned a non-zero exit code 1.
[2025-06-18T14:23:38.966+0000] {taskinstance.py:1206} INFO - Marking task as FAILED. dag_id=lakehouse_ingest_pipeline, task_id=spark_streaming_bronze, run_id=manual__2025-06-18T14:21:21.483408+00:00, execution_date=20250618T142121, start_date=20250618T142333, end_date=20250618T142338
[2025-06-18T14:23:38.977+0000] {standard_task_runner.py:110} ERROR - Failed to execute job 23 for task spark_streaming_bronze (Bash command failed. The command returned a non-zero exit code 1.; 307)
[2025-06-18T14:23:39.000+0000] {local_task_job_runner.py:240} INFO - Task exited with return code 1
[2025-06-18T14:23:39.017+0000] {taskinstance.py:3503} INFO - 0 downstream tasks scheduled from follow-on schedule check
[2025-06-18T14:23:39.019+0000] {local_task_job_runner.py:222} INFO - ::endgroup::
