[2025-06-18T14:21:25.190+0000] {local_task_job_runner.py:120} INFO - ::group::Pre task execution logs
[2025-06-18T14:21:25.229+0000] {taskinstance.py:2076} INFO - Dependencies all met for dep_context=non-requeueable deps ti=<TaskInstance: lakehouse_ingest_pipeline.spark_streaming_bronze manual__2025-06-18T14:21:21.483408+00:00 [queued]>
[2025-06-18T14:21:25.238+0000] {taskinstance.py:2076} INFO - Dependencies all met for dep_context=requeueable deps ti=<TaskInstance: lakehouse_ingest_pipeline.spark_streaming_bronze manual__2025-06-18T14:21:21.483408+00:00 [queued]>
[2025-06-18T14:21:25.239+0000] {taskinstance.py:2306} INFO - Starting attempt 1 of 2
[2025-06-18T14:21:25.254+0000] {taskinstance.py:2330} INFO - Executing <Task(BashOperator): spark_streaming_bronze> on 2025-06-18 14:21:21.483408+00:00
[2025-06-18T14:21:25.263+0000] {logging_mixin.py:188} WARNING - /home/***/.local/lib/python3.12/site-packages/***/task/task_runner/standard_task_runner.py:61 DeprecationWarning: This process (pid=269) is multi-threaded, use of fork() may lead to deadlocks in the child.
[2025-06-18T14:21:25.265+0000] {standard_task_runner.py:63} INFO - Started process 270 to run task
[2025-06-18T14:21:25.263+0000] {standard_task_runner.py:90} INFO - Running: ['***', 'tasks', 'run', 'lakehouse_ingest_pipeline', 'spark_streaming_bronze', 'manual__2025-06-18T14:21:21.483408+00:00', '--job-id', '22', '--raw', '--subdir', 'DAGS_FOLDER/lakehouse_ingest_pipeline.py', '--cfg-path', '/tmp/tmpfu4u7vcv']
[2025-06-18T14:21:25.267+0000] {standard_task_runner.py:91} INFO - Job 22: Subtask spark_streaming_bronze
[2025-06-18T14:21:25.285+0000] {logging_mixin.py:188} WARNING - /home/***/.local/lib/python3.12/site-packages/***/settings.py:195 DeprecationWarning: The sql_alchemy_conn option in [core] has been moved to the sql_alchemy_conn option in [database] - the old setting has been used, but please update your config.
[2025-06-18T14:21:25.335+0000] {task_command.py:426} INFO - Running <TaskInstance: lakehouse_ingest_pipeline.spark_streaming_bronze manual__2025-06-18T14:21:21.483408+00:00 [running]> on host 7aad3b6a01bd
[2025-06-18T14:21:25.428+0000] {taskinstance.py:2648} INFO - Exporting env vars: AIRFLOW_CTX_DAG_OWNER='***' AIRFLOW_CTX_DAG_ID='lakehouse_ingest_pipeline' AIRFLOW_CTX_TASK_ID='spark_streaming_bronze' AIRFLOW_CTX_EXECUTION_DATE='2025-06-18T14:21:21.483408+00:00' AIRFLOW_CTX_TRY_NUMBER='1' AIRFLOW_CTX_DAG_RUN_ID='manual__2025-06-18T14:21:21.483408+00:00'
[2025-06-18T14:21:25.432+0000] {taskinstance.py:430} INFO - ::endgroup::
[2025-06-18T14:21:25.453+0000] {subprocess.py:63} INFO - Tmp dir root location: /tmp
[2025-06-18T14:21:25.454+0000] {subprocess.py:75} INFO - Running command: ['/usr/bin/bash', '-c', 'docker exec spark /opt/bitnami/spark/bin/spark-submit --master spark://spark:7077 --conf spark.driver.memory=1g --conf spark.executor.memory=1g --name KafkaToBronze /opt/bitnami/spark/spark_jobs/footware/kafka_to_bronze.py']
[2025-06-18T14:21:25.465+0000] {subprocess.py:86} INFO - Output:
[2025-06-18T14:21:28.780+0000] {subprocess.py:93} INFO - 25/06/18 14:21:28 INFO SparkContext: Running Spark version 3.5.0
[2025-06-18T14:21:28.782+0000] {subprocess.py:93} INFO - 25/06/18 14:21:28 INFO SparkContext: OS info Linux, 5.15.167.4-microsoft-standard-WSL2, amd64
[2025-06-18T14:21:28.783+0000] {subprocess.py:93} INFO - 25/06/18 14:21:28 INFO SparkContext: Java version 17.0.10
[2025-06-18T14:21:28.809+0000] {subprocess.py:93} INFO - 25/06/18 14:21:28 INFO ResourceUtils: ==============================================================
[2025-06-18T14:21:28.810+0000] {subprocess.py:93} INFO - 25/06/18 14:21:28 INFO ResourceUtils: No custom resources configured for spark.driver.
[2025-06-18T14:21:28.811+0000] {subprocess.py:93} INFO - 25/06/18 14:21:28 INFO ResourceUtils: ==============================================================
[2025-06-18T14:21:28.812+0000] {subprocess.py:93} INFO - 25/06/18 14:21:28 INFO SparkContext: Submitted application: KafkaToBronzeFootware
[2025-06-18T14:21:28.829+0000] {subprocess.py:93} INFO - 25/06/18 14:21:28 INFO ResourceProfile: Default ResourceProfile created, executor resources: Map(memory -> name: memory, amount: 1024, script: , vendor: , offHeap -> name: offHeap, amount: 0, script: , vendor: ), task resources: Map(cpus -> name: cpus, amount: 1.0)
[2025-06-18T14:21:28.836+0000] {subprocess.py:93} INFO - 25/06/18 14:21:28 INFO ResourceProfile: Limiting resource is cpu
[2025-06-18T14:21:28.837+0000] {subprocess.py:93} INFO - 25/06/18 14:21:28 INFO ResourceProfileManager: Added ResourceProfile id: 0
[2025-06-18T14:21:28.895+0000] {subprocess.py:93} INFO - 25/06/18 14:21:28 INFO SecurityManager: Changing view acls to: spark
[2025-06-18T14:21:28.896+0000] {subprocess.py:93} INFO - 25/06/18 14:21:28 INFO SecurityManager: Changing modify acls to: spark
[2025-06-18T14:21:28.898+0000] {subprocess.py:93} INFO - 25/06/18 14:21:28 INFO SecurityManager: Changing view acls groups to:
[2025-06-18T14:21:28.899+0000] {subprocess.py:93} INFO - 25/06/18 14:21:28 INFO SecurityManager: Changing modify acls groups to:
[2025-06-18T14:21:28.899+0000] {subprocess.py:93} INFO - 25/06/18 14:21:28 INFO SecurityManager: SecurityManager: authentication disabled; ui acls disabled; users with view permissions: spark; groups with view permissions: EMPTY; users with modify permissions: spark; groups with modify permissions: EMPTY
[2025-06-18T14:21:28.960+0000] {subprocess.py:93} INFO - 25/06/18 14:21:28 WARN NativeCodeLoader: Unable to load native-hadoop library for your platform... using builtin-java classes where applicable
[2025-06-18T14:21:29.188+0000] {subprocess.py:93} INFO - 25/06/18 14:21:29 INFO Utils: Successfully started service 'sparkDriver' on port 46745.
[2025-06-18T14:21:29.218+0000] {subprocess.py:93} INFO - 25/06/18 14:21:29 INFO SparkEnv: Registering MapOutputTracker
[2025-06-18T14:21:29.258+0000] {subprocess.py:93} INFO - 25/06/18 14:21:29 INFO SparkEnv: Registering BlockManagerMaster
[2025-06-18T14:21:29.274+0000] {subprocess.py:93} INFO - 25/06/18 14:21:29 INFO BlockManagerMasterEndpoint: Using org.apache.spark.storage.DefaultTopologyMapper for getting topology information
[2025-06-18T14:21:29.275+0000] {subprocess.py:93} INFO - 25/06/18 14:21:29 INFO BlockManagerMasterEndpoint: BlockManagerMasterEndpoint up
[2025-06-18T14:21:29.279+0000] {subprocess.py:93} INFO - 25/06/18 14:21:29 INFO SparkEnv: Registering BlockManagerMasterHeartbeat
[2025-06-18T14:21:29.296+0000] {subprocess.py:93} INFO - 25/06/18 14:21:29 INFO DiskBlockManager: Created local directory at /tmp/blockmgr-f8c59047-206c-486b-bc63-eb8400489601
[2025-06-18T14:21:29.318+0000] {subprocess.py:93} INFO - 25/06/18 14:21:29 INFO MemoryStore: MemoryStore started with capacity 434.4 MiB
[2025-06-18T14:21:29.340+0000] {subprocess.py:93} INFO - 25/06/18 14:21:29 INFO SparkEnv: Registering OutputCommitCoordinator
[2025-06-18T14:21:29.493+0000] {subprocess.py:93} INFO - 25/06/18 14:21:29 INFO JettyUtils: Start Jetty 0.0.0.0:4040 for SparkUI
[2025-06-18T14:21:29.557+0000] {subprocess.py:93} INFO - 25/06/18 14:21:29 INFO Utils: Successfully started service 'SparkUI' on port 4040.
[2025-06-18T14:21:29.694+0000] {subprocess.py:93} INFO - 25/06/18 14:21:29 INFO StandaloneAppClient$ClientEndpoint: Connecting to master spark://spark:7077...
[2025-06-18T14:21:29.746+0000] {subprocess.py:93} INFO - 25/06/18 14:21:29 INFO TransportClientFactory: Successfully created connection to spark/172.18.0.8:7077 after 30 ms (0 ms spent in bootstraps)
[2025-06-18T14:21:29.882+0000] {subprocess.py:93} INFO - 25/06/18 14:21:29 INFO StandaloneSchedulerBackend: Connected to Spark cluster with app ID app-20250618142129-0002
[2025-06-18T14:21:29.894+0000] {subprocess.py:93} INFO - 25/06/18 14:21:29 INFO Utils: Successfully started service 'org.apache.spark.network.netty.NettyBlockTransferService' on port 35985.
[2025-06-18T14:21:29.895+0000] {subprocess.py:93} INFO - 25/06/18 14:21:29 INFO NettyBlockTransferService: Server created on 5bf3c8b25f1a:35985
[2025-06-18T14:21:29.897+0000] {subprocess.py:93} INFO - 25/06/18 14:21:29 INFO BlockManager: Using org.apache.spark.storage.RandomBlockReplicationPolicy for block replication policy
[2025-06-18T14:21:29.907+0000] {subprocess.py:93} INFO - 25/06/18 14:21:29 INFO BlockManagerMaster: Registering BlockManager BlockManagerId(driver, 5bf3c8b25f1a, 35985, None)
[2025-06-18T14:21:29.911+0000] {subprocess.py:93} INFO - 25/06/18 14:21:29 INFO BlockManagerMasterEndpoint: Registering block manager 5bf3c8b25f1a:35985 with 434.4 MiB RAM, BlockManagerId(driver, 5bf3c8b25f1a, 35985, None)
[2025-06-18T14:21:29.914+0000] {subprocess.py:93} INFO - 25/06/18 14:21:29 INFO BlockManagerMaster: Registered BlockManager BlockManagerId(driver, 5bf3c8b25f1a, 35985, None)
[2025-06-18T14:21:29.916+0000] {subprocess.py:93} INFO - 25/06/18 14:21:29 INFO BlockManager: Initialized BlockManager: BlockManagerId(driver, 5bf3c8b25f1a, 35985, None)
[2025-06-18T14:21:30.134+0000] {subprocess.py:93} INFO - 25/06/18 14:21:30 INFO StandaloneSchedulerBackend: SchedulerBackend is ready for scheduling beginning after reached minRegisteredResourcesRatio: 0.0
[2025-06-18T14:21:30.373+0000] {subprocess.py:93} INFO - 25/06/18 14:21:30 INFO SharedState: spark.sql.warehouse.dir is not set, but hive.metastore.warehouse.dir is set. Setting spark.sql.warehouse.dir to the value of hive.metastore.warehouse.dir.
[2025-06-18T14:21:30.491+0000] {subprocess.py:93} INFO - 25/06/18 14:21:30 WARN MetricsConfig: Cannot locate configuration: tried hadoop-metrics2-s3a-file-system.properties,hadoop-metrics2.properties
[2025-06-18T14:21:30.504+0000] {subprocess.py:93} INFO - 25/06/18 14:21:30 INFO MetricsSystemImpl: Scheduled Metric snapshot period at 10 second(s).
[2025-06-18T14:21:30.504+0000] {subprocess.py:93} INFO - 25/06/18 14:21:30 INFO MetricsSystemImpl: s3a-file-system metrics system started
[2025-06-18T14:21:31.154+0000] {subprocess.py:93} INFO - 25/06/18 14:21:31 INFO SharedState: Warehouse path is 's3a://warehouse'.
[2025-06-18T14:21:32.180+0000] {subprocess.py:93} INFO - Traceback (most recent call last):
[2025-06-18T14:21:32.181+0000] {subprocess.py:93} INFO -   File "/opt/bitnami/spark/spark_jobs/footware/kafka_to_bronze.py", line 34, in <module>
[2025-06-18T14:21:32.183+0000] {subprocess.py:93} INFO -     .load()
[2025-06-18T14:21:32.184+0000] {subprocess.py:93} INFO -      ^^^^^^
[2025-06-18T14:21:32.184+0000] {subprocess.py:93} INFO -   File "/opt/bitnami/spark/python/lib/pyspark.zip/pyspark/sql/streaming/readwriter.py", line 304, in load
[2025-06-18T14:21:32.185+0000] {subprocess.py:93} INFO -   File "/opt/bitnami/spark/python/lib/py4j-0.10.9.7-src.zip/py4j/java_gateway.py", line 1322, in __call__
[2025-06-18T14:21:32.185+0000] {subprocess.py:93} INFO -   File "/opt/bitnami/spark/python/lib/pyspark.zip/pyspark/errors/exceptions/captured.py", line 185, in deco
[2025-06-18T14:21:32.197+0000] {subprocess.py:93} INFO - pyspark.errors.exceptions.captured.AnalysisException: Failed to find data source: kafka. Please deploy the application as per the deployment section of Structured Streaming + Kafka Integration Guide.
[2025-06-18T14:21:32.244+0000] {subprocess.py:93} INFO - 25/06/18 14:21:32 INFO SparkContext: Invoking stop() from shutdown hook
[2025-06-18T14:21:32.245+0000] {subprocess.py:93} INFO - 25/06/18 14:21:32 INFO SparkContext: SparkContext is stopping with exitCode 0.
[2025-06-18T14:21:32.254+0000] {subprocess.py:93} INFO - 25/06/18 14:21:32 INFO SparkUI: Stopped Spark web UI at http://5bf3c8b25f1a:4040
[2025-06-18T14:21:32.257+0000] {subprocess.py:93} INFO - 25/06/18 14:21:32 INFO StandaloneSchedulerBackend: Shutting down all executors
[2025-06-18T14:21:32.260+0000] {subprocess.py:93} INFO - 25/06/18 14:21:32 INFO StandaloneSchedulerBackend$StandaloneDriverEndpoint: Asking each executor to shut down
[2025-06-18T14:21:32.271+0000] {subprocess.py:93} INFO - 25/06/18 14:21:32 INFO MapOutputTrackerMasterEndpoint: MapOutputTrackerMasterEndpoint stopped!
[2025-06-18T14:21:32.284+0000] {subprocess.py:93} INFO - 25/06/18 14:21:32 INFO MemoryStore: MemoryStore cleared
[2025-06-18T14:21:32.285+0000] {subprocess.py:93} INFO - 25/06/18 14:21:32 INFO BlockManager: BlockManager stopped
[2025-06-18T14:21:32.290+0000] {subprocess.py:93} INFO - 25/06/18 14:21:32 INFO BlockManagerMaster: BlockManagerMaster stopped
[2025-06-18T14:21:32.292+0000] {subprocess.py:93} INFO - 25/06/18 14:21:32 INFO OutputCommitCoordinator$OutputCommitCoordinatorEndpoint: OutputCommitCoordinator stopped!
[2025-06-18T14:21:32.301+0000] {subprocess.py:93} INFO - 25/06/18 14:21:32 INFO SparkContext: Successfully stopped SparkContext
[2025-06-18T14:21:32.301+0000] {subprocess.py:93} INFO - 25/06/18 14:21:32 INFO ShutdownHookManager: Shutdown hook called
[2025-06-18T14:21:32.302+0000] {subprocess.py:93} INFO - 25/06/18 14:21:32 INFO ShutdownHookManager: Deleting directory /tmp/spark-826b634a-f85b-4bcf-b6f5-6bc14729d06b
[2025-06-18T14:21:32.305+0000] {subprocess.py:93} INFO - 25/06/18 14:21:32 INFO ShutdownHookManager: Deleting directory /tmp/spark-464c1719-8934-493b-9c2a-1a1b1526a80d
[2025-06-18T14:21:32.309+0000] {subprocess.py:93} INFO - 25/06/18 14:21:32 INFO ShutdownHookManager: Deleting directory /tmp/spark-826b634a-f85b-4bcf-b6f5-6bc14729d06b/pyspark-b6360180-3e04-4fbc-ab34-c1770c54c6ca
[2025-06-18T14:21:32.317+0000] {subprocess.py:93} INFO - 25/06/18 14:21:32 INFO MetricsSystemImpl: Stopping s3a-file-system metrics system...
[2025-06-18T14:21:32.318+0000] {subprocess.py:93} INFO - 25/06/18 14:21:32 INFO MetricsSystemImpl: s3a-file-system metrics system stopped.
[2025-06-18T14:21:32.318+0000] {subprocess.py:93} INFO - 25/06/18 14:21:32 INFO MetricsSystemImpl: s3a-file-system metrics system shutdown complete.
[2025-06-18T14:21:32.380+0000] {subprocess.py:97} INFO - Command exited with return code 1
[2025-06-18T14:21:32.381+0000] {taskinstance.py:441} INFO - ::group::Post task execution logs
[2025-06-18T14:21:32.395+0000] {taskinstance.py:2905} ERROR - Task failed with exception
Traceback (most recent call last):
  File "/home/airflow/.local/lib/python3.12/site-packages/airflow/models/taskinstance.py", line 465, in _execute_task
    result = _execute_callable(context=context, **execute_callable_kwargs)
             ^^^^^^^^^^^^^^^^^^^^^^^^^^^^^^^^^^^^^^^^^^^^^^^^^^^^^^^^^^^^^
  File "/home/airflow/.local/lib/python3.12/site-packages/airflow/models/taskinstance.py", line 432, in _execute_callable
    return execute_callable(context=context, **execute_callable_kwargs)
           ^^^^^^^^^^^^^^^^^^^^^^^^^^^^^^^^^^^^^^^^^^^^^^^^^^^^^^^^^^^^
  File "/home/airflow/.local/lib/python3.12/site-packages/airflow/models/baseoperator.py", line 401, in wrapper
    return func(self, *args, **kwargs)
           ^^^^^^^^^^^^^^^^^^^^^^^^^^^
  File "/home/airflow/.local/lib/python3.12/site-packages/airflow/operators/bash.py", line 243, in execute
    raise AirflowException(
airflow.exceptions.AirflowException: Bash command failed. The command returned a non-zero exit code 1.
[2025-06-18T14:21:32.401+0000] {taskinstance.py:1206} INFO - Marking task as UP_FOR_RETRY. dag_id=lakehouse_ingest_pipeline, task_id=spark_streaming_bronze, run_id=manual__2025-06-18T14:21:21.483408+00:00, execution_date=20250618T142121, start_date=20250618T142125, end_date=20250618T142132
[2025-06-18T14:21:32.423+0000] {standard_task_runner.py:110} ERROR - Failed to execute job 22 for task spark_streaming_bronze (Bash command failed. The command returned a non-zero exit code 1.; 270)
[2025-06-18T14:21:32.433+0000] {local_task_job_runner.py:240} INFO - Task exited with return code 1
[2025-06-18T14:21:32.464+0000] {taskinstance.py:3503} INFO - 0 downstream tasks scheduled from follow-on schedule check
[2025-06-18T14:21:32.468+0000] {local_task_job_runner.py:222} INFO - ::endgroup::
