[2025-06-18T13:53:32.105+0000] {local_task_job_runner.py:120} INFO - ::group::Pre task execution logs
[2025-06-18T13:53:32.176+0000] {taskinstance.py:2076} INFO - Dependencies all met for dep_context=non-requeueable deps ti=<TaskInstance: lakehouse_ingest_pipeline.spark_streaming_bronze manual__2025-06-18T13:53:27.723368+00:00 [queued]>
[2025-06-18T13:53:32.187+0000] {taskinstance.py:2076} INFO - Dependencies all met for dep_context=requeueable deps ti=<TaskInstance: lakehouse_ingest_pipeline.spark_streaming_bronze manual__2025-06-18T13:53:27.723368+00:00 [queued]>
[2025-06-18T13:53:32.188+0000] {taskinstance.py:2306} INFO - Starting attempt 1 of 2
[2025-06-18T13:53:32.205+0000] {taskinstance.py:2330} INFO - Executing <Task(BashOperator): spark_streaming_bronze> on 2025-06-18 13:53:27.723368+00:00
[2025-06-18T13:53:32.215+0000] {logging_mixin.py:188} WARNING - /home/***/.local/lib/python3.12/site-packages/***/task/task_runner/standard_task_runner.py:61 DeprecationWarning: This process (pid=224) is multi-threaded, use of fork() may lead to deadlocks in the child.
[2025-06-18T13:53:32.216+0000] {standard_task_runner.py:63} INFO - Started process 225 to run task
[2025-06-18T13:53:32.215+0000] {standard_task_runner.py:90} INFO - Running: ['***', 'tasks', 'run', 'lakehouse_ingest_pipeline', 'spark_streaming_bronze', 'manual__2025-06-18T13:53:27.723368+00:00', '--job-id', '12', '--raw', '--subdir', 'DAGS_FOLDER/lakehouse_ingest_pipeline.py', '--cfg-path', '/tmp/tmp2nptn2og']
[2025-06-18T13:53:32.217+0000] {standard_task_runner.py:91} INFO - Job 12: Subtask spark_streaming_bronze
[2025-06-18T13:53:32.245+0000] {logging_mixin.py:188} WARNING - /home/***/.local/lib/python3.12/site-packages/***/settings.py:195 DeprecationWarning: The sql_alchemy_conn option in [core] has been moved to the sql_alchemy_conn option in [database] - the old setting has been used, but please update your config.
[2025-06-18T13:53:32.306+0000] {task_command.py:426} INFO - Running <TaskInstance: lakehouse_ingest_pipeline.spark_streaming_bronze manual__2025-06-18T13:53:27.723368+00:00 [running]> on host f39ffebced54
[2025-06-18T13:53:32.386+0000] {taskinstance.py:2648} INFO - Exporting env vars: AIRFLOW_CTX_DAG_OWNER='***' AIRFLOW_CTX_DAG_ID='lakehouse_ingest_pipeline' AIRFLOW_CTX_TASK_ID='spark_streaming_bronze' AIRFLOW_CTX_EXECUTION_DATE='2025-06-18T13:53:27.723368+00:00' AIRFLOW_CTX_TRY_NUMBER='1' AIRFLOW_CTX_DAG_RUN_ID='manual__2025-06-18T13:53:27.723368+00:00'
[2025-06-18T13:53:32.387+0000] {taskinstance.py:430} INFO - ::endgroup::
[2025-06-18T13:53:32.404+0000] {subprocess.py:63} INFO - Tmp dir root location: /tmp
[2025-06-18T13:53:32.405+0000] {subprocess.py:75} INFO - Running command: ['/usr/bin/bash', '-c', 'spark-submit --master spark://spark:7077 /opt/***/spark_jobs/streaming_example.py']
[2025-06-18T13:53:32.415+0000] {subprocess.py:86} INFO - Output:
[2025-06-18T13:53:32.482+0000] {subprocess.py:93} INFO - /home/***/.local/lib/python3.12/site-packages/pyspark/bin/load-spark-env.sh: line 68: ps: command not found
[2025-06-18T13:53:32.484+0000] {subprocess.py:93} INFO - JAVA_HOME is not set
[2025-06-18T13:53:32.485+0000] {subprocess.py:97} INFO - Command exited with return code 1
[2025-06-18T13:53:32.486+0000] {taskinstance.py:441} INFO - ::group::Post task execution logs
[2025-06-18T13:53:32.496+0000] {taskinstance.py:2905} ERROR - Task failed with exception
Traceback (most recent call last):
  File "/home/airflow/.local/lib/python3.12/site-packages/airflow/models/taskinstance.py", line 465, in _execute_task
    result = _execute_callable(context=context, **execute_callable_kwargs)
             ^^^^^^^^^^^^^^^^^^^^^^^^^^^^^^^^^^^^^^^^^^^^^^^^^^^^^^^^^^^^^
  File "/home/airflow/.local/lib/python3.12/site-packages/airflow/models/taskinstance.py", line 432, in _execute_callable
    return execute_callable(context=context, **execute_callable_kwargs)
           ^^^^^^^^^^^^^^^^^^^^^^^^^^^^^^^^^^^^^^^^^^^^^^^^^^^^^^^^^^^^
  File "/home/airflow/.local/lib/python3.12/site-packages/airflow/models/baseoperator.py", line 401, in wrapper
    return func(self, *args, **kwargs)
           ^^^^^^^^^^^^^^^^^^^^^^^^^^^
  File "/home/airflow/.local/lib/python3.12/site-packages/airflow/operators/bash.py", line 243, in execute
    raise AirflowException(
airflow.exceptions.AirflowException: Bash command failed. The command returned a non-zero exit code 1.
[2025-06-18T13:53:32.501+0000] {taskinstance.py:1206} INFO - Marking task as UP_FOR_RETRY. dag_id=lakehouse_ingest_pipeline, task_id=spark_streaming_bronze, run_id=manual__2025-06-18T13:53:27.723368+00:00, execution_date=20250618T135327, start_date=20250618T135332, end_date=20250618T135332
[2025-06-18T13:53:32.511+0000] {standard_task_runner.py:110} ERROR - Failed to execute job 12 for task spark_streaming_bronze (Bash command failed. The command returned a non-zero exit code 1.; 225)
[2025-06-18T13:53:32.552+0000] {local_task_job_runner.py:240} INFO - Task exited with return code 1
[2025-06-18T13:53:32.567+0000] {taskinstance.py:3503} INFO - 0 downstream tasks scheduled from follow-on schedule check
[2025-06-18T13:53:32.570+0000] {local_task_job_runner.py:222} INFO - ::endgroup::
