[2025-06-18T13:55:33.689+0000] {local_task_job_runner.py:120} INFO - ::group::Pre task execution logs
[2025-06-18T13:55:33.759+0000] {taskinstance.py:2076} INFO - Dependencies all met for dep_context=non-requeueable deps ti=<TaskInstance: lakehouse_ingest_pipeline.spark_streaming_bronze manual__2025-06-18T13:53:27.723368+00:00 [queued]>
[2025-06-18T13:55:33.768+0000] {taskinstance.py:2076} INFO - Dependencies all met for dep_context=requeueable deps ti=<TaskInstance: lakehouse_ingest_pipeline.spark_streaming_bronze manual__2025-06-18T13:53:27.723368+00:00 [queued]>
[2025-06-18T13:55:33.770+0000] {taskinstance.py:2306} INFO - Starting attempt 2 of 2
[2025-06-18T13:55:33.784+0000] {taskinstance.py:2330} INFO - Executing <Task(BashOperator): spark_streaming_bronze> on 2025-06-18 13:53:27.723368+00:00
[2025-06-18T13:55:33.796+0000] {logging_mixin.py:188} WARNING - /home/***/.local/lib/python3.12/site-packages/***/task/task_runner/standard_task_runner.py:61 DeprecationWarning: This process (pid=253) is multi-threaded, use of fork() may lead to deadlocks in the child.
[2025-06-18T13:55:33.795+0000] {standard_task_runner.py:90} INFO - Running: ['***', 'tasks', 'run', 'lakehouse_ingest_pipeline', 'spark_streaming_bronze', 'manual__2025-06-18T13:53:27.723368+00:00', '--job-id', '13', '--raw', '--subdir', 'DAGS_FOLDER/lakehouse_ingest_pipeline.py', '--cfg-path', '/tmp/tmpmv2ddmax']
[2025-06-18T13:55:33.799+0000] {standard_task_runner.py:63} INFO - Started process 254 to run task
[2025-06-18T13:55:33.800+0000] {standard_task_runner.py:91} INFO - Job 13: Subtask spark_streaming_bronze
[2025-06-18T13:55:33.834+0000] {logging_mixin.py:188} WARNING - /home/***/.local/lib/python3.12/site-packages/***/settings.py:195 DeprecationWarning: The sql_alchemy_conn option in [core] has been moved to the sql_alchemy_conn option in [database] - the old setting has been used, but please update your config.
[2025-06-18T13:55:33.947+0000] {task_command.py:426} INFO - Running <TaskInstance: lakehouse_ingest_pipeline.spark_streaming_bronze manual__2025-06-18T13:53:27.723368+00:00 [running]> on host f39ffebced54
[2025-06-18T13:55:34.073+0000] {taskinstance.py:2648} INFO - Exporting env vars: AIRFLOW_CTX_DAG_OWNER='***' AIRFLOW_CTX_DAG_ID='lakehouse_ingest_pipeline' AIRFLOW_CTX_TASK_ID='spark_streaming_bronze' AIRFLOW_CTX_EXECUTION_DATE='2025-06-18T13:53:27.723368+00:00' AIRFLOW_CTX_TRY_NUMBER='2' AIRFLOW_CTX_DAG_RUN_ID='manual__2025-06-18T13:53:27.723368+00:00'
[2025-06-18T13:55:34.074+0000] {taskinstance.py:430} INFO - ::endgroup::
[2025-06-18T13:55:34.093+0000] {subprocess.py:63} INFO - Tmp dir root location: /tmp
[2025-06-18T13:55:34.094+0000] {subprocess.py:75} INFO - Running command: ['/usr/bin/bash', '-c', 'spark-submit --master spark://spark:7077 /opt/***/spark_jobs/streaming_example.py']
[2025-06-18T13:55:34.103+0000] {subprocess.py:86} INFO - Output:
[2025-06-18T13:55:34.213+0000] {subprocess.py:93} INFO - /home/***/.local/lib/python3.12/site-packages/pyspark/bin/load-spark-env.sh: line 68: ps: command not found
[2025-06-18T13:55:34.217+0000] {subprocess.py:93} INFO - JAVA_HOME is not set
[2025-06-18T13:55:34.218+0000] {subprocess.py:97} INFO - Command exited with return code 1
[2025-06-18T13:55:34.219+0000] {taskinstance.py:441} INFO - ::group::Post task execution logs
[2025-06-18T13:55:34.230+0000] {taskinstance.py:2905} ERROR - Task failed with exception
Traceback (most recent call last):
  File "/home/airflow/.local/lib/python3.12/site-packages/airflow/models/taskinstance.py", line 465, in _execute_task
    result = _execute_callable(context=context, **execute_callable_kwargs)
             ^^^^^^^^^^^^^^^^^^^^^^^^^^^^^^^^^^^^^^^^^^^^^^^^^^^^^^^^^^^^^
  File "/home/airflow/.local/lib/python3.12/site-packages/airflow/models/taskinstance.py", line 432, in _execute_callable
    return execute_callable(context=context, **execute_callable_kwargs)
           ^^^^^^^^^^^^^^^^^^^^^^^^^^^^^^^^^^^^^^^^^^^^^^^^^^^^^^^^^^^^
  File "/home/airflow/.local/lib/python3.12/site-packages/airflow/models/baseoperator.py", line 401, in wrapper
    return func(self, *args, **kwargs)
           ^^^^^^^^^^^^^^^^^^^^^^^^^^^
  File "/home/airflow/.local/lib/python3.12/site-packages/airflow/operators/bash.py", line 243, in execute
    raise AirflowException(
airflow.exceptions.AirflowException: Bash command failed. The command returned a non-zero exit code 1.
[2025-06-18T13:55:34.238+0000] {taskinstance.py:1206} INFO - Marking task as FAILED. dag_id=lakehouse_ingest_pipeline, task_id=spark_streaming_bronze, run_id=manual__2025-06-18T13:53:27.723368+00:00, execution_date=20250618T135327, start_date=20250618T135533, end_date=20250618T135534
[2025-06-18T13:55:34.248+0000] {standard_task_runner.py:110} ERROR - Failed to execute job 13 for task spark_streaming_bronze (Bash command failed. The command returned a non-zero exit code 1.; 254)
[2025-06-18T13:55:34.256+0000] {local_task_job_runner.py:240} INFO - Task exited with return code 1
[2025-06-18T13:55:34.276+0000] {taskinstance.py:3503} INFO - 0 downstream tasks scheduled from follow-on schedule check
[2025-06-18T13:55:34.279+0000] {local_task_job_runner.py:222} INFO - ::endgroup::
