[2025-06-18T14:30:16.483+0000] {local_task_job_runner.py:120} INFO - ::group::Pre task execution logs
[2025-06-18T14:30:16.514+0000] {taskinstance.py:2076} INFO - Dependencies all met for dep_context=non-requeueable deps ti=<TaskInstance: lakehouse_ingest_pipeline.spark_streaming_bronze manual__2025-06-18T14:30:12.468947+00:00 [queued]>
[2025-06-18T14:30:16.523+0000] {taskinstance.py:2076} INFO - Dependencies all met for dep_context=requeueable deps ti=<TaskInstance: lakehouse_ingest_pipeline.spark_streaming_bronze manual__2025-06-18T14:30:12.468947+00:00 [queued]>
[2025-06-18T14:30:16.524+0000] {taskinstance.py:2306} INFO - Starting attempt 1 of 2
[2025-06-18T14:30:16.541+0000] {taskinstance.py:2330} INFO - Executing <Task(BashOperator): spark_streaming_bronze> on 2025-06-18 14:30:12.468947+00:00
[2025-06-18T14:30:16.554+0000] {logging_mixin.py:188} WARNING - /home/***/.local/lib/python3.12/site-packages/***/task/task_runner/standard_task_runner.py:61 DeprecationWarning: This process (pid=188) is multi-threaded, use of fork() may lead to deadlocks in the child.
[2025-06-18T14:30:16.554+0000] {standard_task_runner.py:90} INFO - Running: ['***', 'tasks', 'run', 'lakehouse_ingest_pipeline', 'spark_streaming_bronze', 'manual__2025-06-18T14:30:12.468947+00:00', '--job-id', '26', '--raw', '--subdir', 'DAGS_FOLDER/lakehouse_ingest_pipeline.py', '--cfg-path', '/tmp/tmph0vwrzul']
[2025-06-18T14:30:16.555+0000] {standard_task_runner.py:63} INFO - Started process 189 to run task
[2025-06-18T14:30:16.556+0000] {standard_task_runner.py:91} INFO - Job 26: Subtask spark_streaming_bronze
[2025-06-18T14:30:16.574+0000] {logging_mixin.py:188} WARNING - /home/***/.local/lib/python3.12/site-packages/***/settings.py:195 DeprecationWarning: The sql_alchemy_conn option in [core] has been moved to the sql_alchemy_conn option in [database] - the old setting has been used, but please update your config.
[2025-06-18T14:30:16.610+0000] {task_command.py:426} INFO - Running <TaskInstance: lakehouse_ingest_pipeline.spark_streaming_bronze manual__2025-06-18T14:30:12.468947+00:00 [running]> on host f1e12f7caf75
[2025-06-18T14:30:16.685+0000] {taskinstance.py:2648} INFO - Exporting env vars: AIRFLOW_CTX_DAG_OWNER='***' AIRFLOW_CTX_DAG_ID='lakehouse_ingest_pipeline' AIRFLOW_CTX_TASK_ID='spark_streaming_bronze' AIRFLOW_CTX_EXECUTION_DATE='2025-06-18T14:30:12.468947+00:00' AIRFLOW_CTX_TRY_NUMBER='1' AIRFLOW_CTX_DAG_RUN_ID='manual__2025-06-18T14:30:12.468947+00:00'
[2025-06-18T14:30:16.686+0000] {taskinstance.py:430} INFO - ::endgroup::
[2025-06-18T14:30:16.698+0000] {subprocess.py:63} INFO - Tmp dir root location: /tmp
[2025-06-18T14:30:16.699+0000] {subprocess.py:75} INFO - Running command: ['/usr/bin/bash', '-c', 'docker exec spark /opt/bitnami/spark/bin/spark-submit --master spark://spark:7077 --conf spark.driver.memory=1g --conf spark.executor.memory=1g --name KafkaToBronze /opt/bitnami/spark/spark_jobs/footware/kafka_to_bronze.py']
[2025-06-18T14:30:16.708+0000] {subprocess.py:86} INFO - Output:
[2025-06-18T14:30:19.650+0000] {subprocess.py:93} INFO - 25/06/18 14:30:19 INFO SparkContext: Running Spark version 3.5.0
[2025-06-18T14:30:19.652+0000] {subprocess.py:93} INFO - 25/06/18 14:30:19 INFO SparkContext: OS info Linux, 5.15.167.4-microsoft-standard-WSL2, amd64
[2025-06-18T14:30:19.653+0000] {subprocess.py:93} INFO - 25/06/18 14:30:19 INFO SparkContext: Java version 17.0.10
[2025-06-18T14:30:19.679+0000] {subprocess.py:93} INFO - 25/06/18 14:30:19 INFO ResourceUtils: ==============================================================
[2025-06-18T14:30:19.680+0000] {subprocess.py:93} INFO - 25/06/18 14:30:19 INFO ResourceUtils: No custom resources configured for spark.driver.
[2025-06-18T14:30:19.681+0000] {subprocess.py:93} INFO - 25/06/18 14:30:19 INFO ResourceUtils: ==============================================================
[2025-06-18T14:30:19.681+0000] {subprocess.py:93} INFO - 25/06/18 14:30:19 INFO SparkContext: Submitted application: KafkaToBronzeFootware
[2025-06-18T14:30:19.700+0000] {subprocess.py:93} INFO - 25/06/18 14:30:19 INFO ResourceProfile: Default ResourceProfile created, executor resources: Map(memory -> name: memory, amount: 1024, script: , vendor: , offHeap -> name: offHeap, amount: 0, script: , vendor: ), task resources: Map(cpus -> name: cpus, amount: 1.0)
[2025-06-18T14:30:19.707+0000] {subprocess.py:93} INFO - 25/06/18 14:30:19 INFO ResourceProfile: Limiting resource is cpu
[2025-06-18T14:30:19.708+0000] {subprocess.py:93} INFO - 25/06/18 14:30:19 INFO ResourceProfileManager: Added ResourceProfile id: 0
[2025-06-18T14:30:19.777+0000] {subprocess.py:93} INFO - 25/06/18 14:30:19 INFO SecurityManager: Changing view acls to: spark
[2025-06-18T14:30:19.779+0000] {subprocess.py:93} INFO - 25/06/18 14:30:19 INFO SecurityManager: Changing modify acls to: spark
[2025-06-18T14:30:19.780+0000] {subprocess.py:93} INFO - 25/06/18 14:30:19 INFO SecurityManager: Changing view acls groups to:
[2025-06-18T14:30:19.782+0000] {subprocess.py:93} INFO - 25/06/18 14:30:19 INFO SecurityManager: Changing modify acls groups to:
[2025-06-18T14:30:19.783+0000] {subprocess.py:93} INFO - 25/06/18 14:30:19 INFO SecurityManager: SecurityManager: authentication disabled; ui acls disabled; users with view permissions: spark; groups with view permissions: EMPTY; users with modify permissions: spark; groups with modify permissions: EMPTY
[2025-06-18T14:30:19.826+0000] {subprocess.py:93} INFO - 25/06/18 14:30:19 WARN NativeCodeLoader: Unable to load native-hadoop library for your platform... using builtin-java classes where applicable
[2025-06-18T14:30:20.038+0000] {subprocess.py:93} INFO - 25/06/18 14:30:20 INFO Utils: Successfully started service 'sparkDriver' on port 45705.
[2025-06-18T14:30:20.073+0000] {subprocess.py:93} INFO - 25/06/18 14:30:20 INFO SparkEnv: Registering MapOutputTracker
[2025-06-18T14:30:20.123+0000] {subprocess.py:93} INFO - 25/06/18 14:30:20 INFO SparkEnv: Registering BlockManagerMaster
[2025-06-18T14:30:20.151+0000] {subprocess.py:93} INFO - 25/06/18 14:30:20 INFO BlockManagerMasterEndpoint: Using org.apache.spark.storage.DefaultTopologyMapper for getting topology information
[2025-06-18T14:30:20.153+0000] {subprocess.py:93} INFO - 25/06/18 14:30:20 INFO BlockManagerMasterEndpoint: BlockManagerMasterEndpoint up
[2025-06-18T14:30:20.158+0000] {subprocess.py:93} INFO - 25/06/18 14:30:20 INFO SparkEnv: Registering BlockManagerMasterHeartbeat
[2025-06-18T14:30:20.192+0000] {subprocess.py:93} INFO - 25/06/18 14:30:20 INFO DiskBlockManager: Created local directory at /tmp/blockmgr-22d56744-709c-4131-a743-504e69058a08
[2025-06-18T14:30:20.207+0000] {subprocess.py:93} INFO - 25/06/18 14:30:20 INFO MemoryStore: MemoryStore started with capacity 434.4 MiB
[2025-06-18T14:30:20.223+0000] {subprocess.py:93} INFO - 25/06/18 14:30:20 INFO SparkEnv: Registering OutputCommitCoordinator
[2025-06-18T14:30:20.329+0000] {subprocess.py:93} INFO - 25/06/18 14:30:20 INFO JettyUtils: Start Jetty 0.0.0.0:4040 for SparkUI
[2025-06-18T14:30:20.382+0000] {subprocess.py:93} INFO - 25/06/18 14:30:20 INFO Utils: Successfully started service 'SparkUI' on port 4040.
[2025-06-18T14:30:20.517+0000] {subprocess.py:93} INFO - 25/06/18 14:30:20 INFO StandaloneAppClient$ClientEndpoint: Connecting to master spark://spark:7077...
[2025-06-18T14:30:20.574+0000] {subprocess.py:93} INFO - 25/06/18 14:30:20 INFO TransportClientFactory: Successfully created connection to spark/172.18.0.6:7077 after 31 ms (0 ms spent in bootstraps)
[2025-06-18T14:30:20.785+0000] {subprocess.py:93} INFO - 25/06/18 14:30:20 INFO StandaloneSchedulerBackend: Connected to Spark cluster with app ID app-20250618143020-0000
[2025-06-18T14:30:20.796+0000] {subprocess.py:93} INFO - 25/06/18 14:30:20 INFO Utils: Successfully started service 'org.apache.spark.network.netty.NettyBlockTransferService' on port 34289.
[2025-06-18T14:30:20.796+0000] {subprocess.py:93} INFO - 25/06/18 14:30:20 INFO NettyBlockTransferService: Server created on 8f5a4a69d045:34289
[2025-06-18T14:30:20.798+0000] {subprocess.py:93} INFO - 25/06/18 14:30:20 INFO BlockManager: Using org.apache.spark.storage.RandomBlockReplicationPolicy for block replication policy
[2025-06-18T14:30:20.809+0000] {subprocess.py:93} INFO - 25/06/18 14:30:20 INFO BlockManagerMaster: Registering BlockManager BlockManagerId(driver, 8f5a4a69d045, 34289, None)
[2025-06-18T14:30:20.812+0000] {subprocess.py:93} INFO - 25/06/18 14:30:20 INFO BlockManagerMasterEndpoint: Registering block manager 8f5a4a69d045:34289 with 434.4 MiB RAM, BlockManagerId(driver, 8f5a4a69d045, 34289, None)
[2025-06-18T14:30:20.815+0000] {subprocess.py:93} INFO - 25/06/18 14:30:20 INFO BlockManagerMaster: Registered BlockManager BlockManagerId(driver, 8f5a4a69d045, 34289, None)
[2025-06-18T14:30:20.816+0000] {subprocess.py:93} INFO - 25/06/18 14:30:20 INFO BlockManager: Initialized BlockManager: BlockManagerId(driver, 8f5a4a69d045, 34289, None)
[2025-06-18T14:30:20.963+0000] {subprocess.py:93} INFO - 25/06/18 14:30:20 INFO StandaloneSchedulerBackend: SchedulerBackend is ready for scheduling beginning after reached minRegisteredResourcesRatio: 0.0
[2025-06-18T14:30:21.257+0000] {subprocess.py:93} INFO - 25/06/18 14:30:21 INFO SharedState: spark.sql.warehouse.dir is not set, but hive.metastore.warehouse.dir is set. Setting spark.sql.warehouse.dir to the value of hive.metastore.warehouse.dir.
[2025-06-18T14:30:21.389+0000] {subprocess.py:93} INFO - 25/06/18 14:30:21 WARN MetricsConfig: Cannot locate configuration: tried hadoop-metrics2-s3a-file-system.properties,hadoop-metrics2.properties
[2025-06-18T14:30:21.404+0000] {subprocess.py:93} INFO - 25/06/18 14:30:21 INFO MetricsSystemImpl: Scheduled Metric snapshot period at 10 second(s).
[2025-06-18T14:30:21.405+0000] {subprocess.py:93} INFO - 25/06/18 14:30:21 INFO MetricsSystemImpl: s3a-file-system metrics system started
[2025-06-18T14:30:22.126+0000] {subprocess.py:93} INFO - 25/06/18 14:30:22 INFO SharedState: Warehouse path is 's3a://warehouse'.
[2025-06-18T14:30:24.453+0000] {subprocess.py:93} INFO - 25/06/18 14:30:24 INFO StateStoreCoordinatorRef: Registered StateStoreCoordinator endpoint
[2025-06-18T14:30:24.518+0000] {subprocess.py:93} INFO - 25/06/18 14:30:24 INFO ResolveWriteToStream: Checkpoint root s3a://footware/bronze/_checkpoint resolved to s3a://footware/bronze/_checkpoint.
[2025-06-18T14:30:24.518+0000] {subprocess.py:93} INFO - 25/06/18 14:30:24 WARN ResolveWriteToStream: spark.sql.adaptive.enabled is not supported in streaming DataFrames/Datasets and will be disabled.
[2025-06-18T14:30:24.595+0000] {subprocess.py:93} INFO - 25/06/18 14:30:24 INFO deprecation: org.apache.hadoop.shaded.io.bytes.per.checksum is deprecated. Instead, use dfs.bytes-per-checksum
[2025-06-18T14:30:24.650+0000] {subprocess.py:93} INFO - 25/06/18 14:30:24 INFO CheckpointFileManager: Writing atomically to s3a://footware/bronze/_checkpoint/metadata using temp file s3a://footware/bronze/_checkpoint/.metadata.2a843fa0-5cc6-4f22-ac62-ec98d2cdcbec.tmp
[2025-06-18T14:30:24.817+0000] {subprocess.py:93} INFO - 25/06/18 14:30:24 INFO CheckpointFileManager: Renamed temp file s3a://footware/bronze/_checkpoint/.metadata.2a843fa0-5cc6-4f22-ac62-ec98d2cdcbec.tmp to s3a://footware/bronze/_checkpoint/metadata
[2025-06-18T14:30:24.902+0000] {subprocess.py:93} INFO - 25/06/18 14:30:24 INFO MicroBatchExecution: Starting [id = c219a95c-368c-4db5-9177-a14bb1030494, runId = e2951387-fc05-40ae-b4ae-294836cee93b]. Use s3a://footware/bronze/_checkpoint to store the query checkpoint.
[2025-06-18T14:30:24.911+0000] {subprocess.py:93} INFO - 25/06/18 14:30:24 INFO MicroBatchExecution: Reading table [org.apache.spark.sql.kafka010.KafkaSourceProvider$KafkaTable@3e0c9749] from DataSourceV2 named 'kafka' [org.apache.spark.sql.kafka010.KafkaSourceProvider@18662261]
[2025-06-18T14:30:24.962+0000] {subprocess.py:93} INFO - 25/06/18 14:30:24 INFO OffsetSeqLog: BatchIds found from listing:
[2025-06-18T14:30:24.988+0000] {subprocess.py:93} INFO - 25/06/18 14:30:24 INFO OffsetSeqLog: BatchIds found from listing:
[2025-06-18T14:30:24.989+0000] {subprocess.py:93} INFO - 25/06/18 14:30:24 INFO MicroBatchExecution: Starting new streaming query.
[2025-06-18T14:30:24.991+0000] {subprocess.py:93} INFO - 25/06/18 14:30:24 INFO MicroBatchExecution: Stream started from {}
[2025-06-18T14:30:25.260+0000] {subprocess.py:93} INFO - 25/06/18 14:30:25 INFO AdminClientConfig: AdminClientConfig values:
[2025-06-18T14:30:25.261+0000] {subprocess.py:93} INFO - 	auto.include.jmx.reporter = true
[2025-06-18T14:30:25.262+0000] {subprocess.py:93} INFO - 	bootstrap.servers = [kafka:9092]
[2025-06-18T14:30:25.262+0000] {subprocess.py:93} INFO - 	client.dns.lookup = use_all_dns_ips
[2025-06-18T14:30:25.263+0000] {subprocess.py:93} INFO - 	client.id =
[2025-06-18T14:30:25.263+0000] {subprocess.py:93} INFO - 	connections.max.idle.ms = 300000
[2025-06-18T14:30:25.264+0000] {subprocess.py:93} INFO - 	default.api.timeout.ms = 60000
[2025-06-18T14:30:25.264+0000] {subprocess.py:93} INFO - 	metadata.max.age.ms = 300000
[2025-06-18T14:30:25.265+0000] {subprocess.py:93} INFO - 	metric.reporters = []
[2025-06-18T14:30:25.265+0000] {subprocess.py:93} INFO - 	metrics.num.samples = 2
[2025-06-18T14:30:25.266+0000] {subprocess.py:93} INFO - 	metrics.recording.level = INFO
[2025-06-18T14:30:25.266+0000] {subprocess.py:93} INFO - 	metrics.sample.window.ms = 30000
[2025-06-18T14:30:25.267+0000] {subprocess.py:93} INFO - 	receive.buffer.bytes = 65536
[2025-06-18T14:30:25.267+0000] {subprocess.py:93} INFO - 	reconnect.backoff.max.ms = 1000
[2025-06-18T14:30:25.267+0000] {subprocess.py:93} INFO - 	reconnect.backoff.ms = 50
[2025-06-18T14:30:25.268+0000] {subprocess.py:93} INFO - 	request.timeout.ms = 30000
[2025-06-18T14:30:25.268+0000] {subprocess.py:93} INFO - 	retries = 2147483647
[2025-06-18T14:30:25.269+0000] {subprocess.py:93} INFO - 	retry.backoff.ms = 100
[2025-06-18T14:30:25.270+0000] {subprocess.py:93} INFO - 	sasl.client.callback.handler.class = null
[2025-06-18T14:30:25.270+0000] {subprocess.py:93} INFO - 	sasl.jaas.config = null
[2025-06-18T14:30:25.271+0000] {subprocess.py:93} INFO - 	sasl.kerberos.kinit.cmd = /usr/bin/kinit
[2025-06-18T14:30:25.271+0000] {subprocess.py:93} INFO - 	sasl.kerberos.min.time.before.relogin = 60000
[2025-06-18T14:30:25.271+0000] {subprocess.py:93} INFO - 	sasl.kerberos.service.name = null
[2025-06-18T14:30:25.272+0000] {subprocess.py:93} INFO - 	sasl.kerberos.ticket.renew.jitter = 0.05
[2025-06-18T14:30:25.272+0000] {subprocess.py:93} INFO - 	sasl.kerberos.ticket.renew.window.factor = 0.8
[2025-06-18T14:30:25.273+0000] {subprocess.py:93} INFO - 	sasl.login.callback.handler.class = null
[2025-06-18T14:30:25.274+0000] {subprocess.py:93} INFO - 	sasl.login.class = null
[2025-06-18T14:30:25.274+0000] {subprocess.py:93} INFO - 	sasl.login.connect.timeout.ms = null
[2025-06-18T14:30:25.275+0000] {subprocess.py:93} INFO - 	sasl.login.read.timeout.ms = null
[2025-06-18T14:30:25.275+0000] {subprocess.py:93} INFO - 	sasl.login.refresh.buffer.seconds = 300
[2025-06-18T14:30:25.276+0000] {subprocess.py:93} INFO - 	sasl.login.refresh.min.period.seconds = 60
[2025-06-18T14:30:25.276+0000] {subprocess.py:93} INFO - 	sasl.login.refresh.window.factor = 0.8
[2025-06-18T14:30:25.277+0000] {subprocess.py:93} INFO - 	sasl.login.refresh.window.jitter = 0.05
[2025-06-18T14:30:25.277+0000] {subprocess.py:93} INFO - 	sasl.login.retry.backoff.max.ms = 10000
[2025-06-18T14:30:25.278+0000] {subprocess.py:93} INFO - 	sasl.login.retry.backoff.ms = 100
[2025-06-18T14:30:25.278+0000] {subprocess.py:93} INFO - 	sasl.mechanism = GSSAPI
[2025-06-18T14:30:25.279+0000] {subprocess.py:93} INFO - 	sasl.oauthbearer.clock.skew.seconds = 30
[2025-06-18T14:30:25.279+0000] {subprocess.py:93} INFO - 	sasl.oauthbearer.expected.audience = null
[2025-06-18T14:30:25.280+0000] {subprocess.py:93} INFO - 	sasl.oauthbearer.expected.issuer = null
[2025-06-18T14:30:25.280+0000] {subprocess.py:93} INFO - 	sasl.oauthbearer.jwks.endpoint.refresh.ms = 3600000
[2025-06-18T14:30:25.281+0000] {subprocess.py:93} INFO - 	sasl.oauthbearer.jwks.endpoint.retry.backoff.max.ms = 10000
[2025-06-18T14:30:25.281+0000] {subprocess.py:93} INFO - 	sasl.oauthbearer.jwks.endpoint.retry.backoff.ms = 100
[2025-06-18T14:30:25.282+0000] {subprocess.py:93} INFO - 	sasl.oauthbearer.jwks.endpoint.url = null
[2025-06-18T14:30:25.282+0000] {subprocess.py:93} INFO - 	sasl.oauthbearer.scope.claim.name = scope
[2025-06-18T14:30:25.283+0000] {subprocess.py:93} INFO - 	sasl.oauthbearer.sub.claim.name = sub
[2025-06-18T14:30:25.283+0000] {subprocess.py:93} INFO - 	sasl.oauthbearer.token.endpoint.url = null
[2025-06-18T14:30:25.284+0000] {subprocess.py:93} INFO - 	security.protocol = PLAINTEXT
[2025-06-18T14:30:25.284+0000] {subprocess.py:93} INFO - 	security.providers = null
[2025-06-18T14:30:25.285+0000] {subprocess.py:93} INFO - 	send.buffer.bytes = 131072
[2025-06-18T14:30:25.285+0000] {subprocess.py:93} INFO - 	socket.connection.setup.timeout.max.ms = 30000
[2025-06-18T14:30:25.286+0000] {subprocess.py:93} INFO - 	socket.connection.setup.timeout.ms = 10000
[2025-06-18T14:30:25.287+0000] {subprocess.py:93} INFO - 	ssl.cipher.suites = null
[2025-06-18T14:30:25.287+0000] {subprocess.py:93} INFO - 	ssl.enabled.protocols = [TLSv1.2, TLSv1.3]
[2025-06-18T14:30:25.288+0000] {subprocess.py:93} INFO - 	ssl.endpoint.identification.algorithm = https
[2025-06-18T14:30:25.288+0000] {subprocess.py:93} INFO - 	ssl.engine.factory.class = null
[2025-06-18T14:30:25.289+0000] {subprocess.py:93} INFO - 	ssl.key.password = null
[2025-06-18T14:30:25.289+0000] {subprocess.py:93} INFO - 	ssl.keymanager.algorithm = SunX509
[2025-06-18T14:30:25.290+0000] {subprocess.py:93} INFO - 	ssl.keystore.certificate.chain = null
[2025-06-18T14:30:25.290+0000] {subprocess.py:93} INFO - 	ssl.keystore.key = null
[2025-06-18T14:30:25.291+0000] {subprocess.py:93} INFO - 	ssl.keystore.location = null
[2025-06-18T14:30:25.291+0000] {subprocess.py:93} INFO - 	ssl.keystore.password = null
[2025-06-18T14:30:25.292+0000] {subprocess.py:93} INFO - 	ssl.keystore.type = JKS
[2025-06-18T14:30:25.292+0000] {subprocess.py:93} INFO - 	ssl.protocol = TLSv1.3
[2025-06-18T14:30:25.293+0000] {subprocess.py:93} INFO - 	ssl.provider = null
[2025-06-18T14:30:25.293+0000] {subprocess.py:93} INFO - 	ssl.secure.random.implementation = null
[2025-06-18T14:30:25.295+0000] {subprocess.py:93} INFO - 	ssl.trustmanager.algorithm = PKIX
[2025-06-18T14:30:25.297+0000] {subprocess.py:93} INFO - 	ssl.truststore.certificates = null
[2025-06-18T14:30:25.297+0000] {subprocess.py:93} INFO - 	ssl.truststore.location = null
[2025-06-18T14:30:25.298+0000] {subprocess.py:93} INFO - 	ssl.truststore.password = null
[2025-06-18T14:30:25.298+0000] {subprocess.py:93} INFO - 	ssl.truststore.type = JKS
[2025-06-18T14:30:25.299+0000] {subprocess.py:93} INFO - 
[2025-06-18T14:30:25.329+0000] {subprocess.py:93} INFO - 25/06/18 14:30:25 WARN AdminClientConfig: These configurations '[key.deserializer, value.deserializer, enable.auto.commit, max.poll.records, auto.offset.reset]' were supplied but are not used yet.
[2025-06-18T14:30:25.330+0000] {subprocess.py:93} INFO - 25/06/18 14:30:25 INFO AppInfoParser: Kafka version: 3.4.0
[2025-06-18T14:30:25.331+0000] {subprocess.py:93} INFO - 25/06/18 14:30:25 INFO AppInfoParser: Kafka commitId: 2e1947d240607d53
[2025-06-18T14:30:25.331+0000] {subprocess.py:93} INFO - 25/06/18 14:30:25 INFO AppInfoParser: Kafka startTimeMs: 1750257025327
[2025-06-18T14:30:25.704+0000] {subprocess.py:93} INFO - 25/06/18 14:30:25 INFO CheckpointFileManager: Writing atomically to s3a://footware/bronze/_checkpoint/sources/0/0 using temp file s3a://footware/bronze/_checkpoint/sources/0/.0.77bc9081-8f93-44b3-a7a8-379221cf97f1.tmp
[2025-06-18T14:30:25.768+0000] {subprocess.py:93} INFO - 25/06/18 14:30:25 INFO CheckpointFileManager: Renamed temp file s3a://footware/bronze/_checkpoint/sources/0/.0.77bc9081-8f93-44b3-a7a8-379221cf97f1.tmp to s3a://footware/bronze/_checkpoint/sources/0/0
[2025-06-18T14:30:25.770+0000] {subprocess.py:93} INFO - 25/06/18 14:30:25 INFO KafkaMicroBatchStream: Initial offsets: {"footware_sales":{"0":0}}
[2025-06-18T14:30:25.810+0000] {subprocess.py:93} INFO - 25/06/18 14:30:25 INFO CheckpointFileManager: Writing atomically to s3a://footware/bronze/_checkpoint/offsets/0 using temp file s3a://footware/bronze/_checkpoint/offsets/.0.ba946f5d-d577-41cc-8e94-8012bc3f3a0f.tmp
[2025-06-18T14:30:25.893+0000] {subprocess.py:93} INFO - 25/06/18 14:30:25 INFO CheckpointFileManager: Renamed temp file s3a://footware/bronze/_checkpoint/offsets/.0.ba946f5d-d577-41cc-8e94-8012bc3f3a0f.tmp to s3a://footware/bronze/_checkpoint/offsets/0
[2025-06-18T14:30:25.894+0000] {subprocess.py:93} INFO - 25/06/18 14:30:25 INFO MicroBatchExecution: Committed offsets for batch 0. Metadata OffsetSeqMetadata(0,1750257025782,Map(spark.sql.streaming.stateStore.providerClass -> org.apache.spark.sql.execution.streaming.state.HDFSBackedStateStoreProvider, spark.sql.streaming.join.stateFormatVersion -> 2, spark.sql.streaming.stateStore.compression.codec -> lz4, spark.sql.streaming.stateStore.rocksdb.formatVersion -> 5, spark.sql.streaming.statefulOperator.useStrictDistribution -> true, spark.sql.streaming.flatMapGroupsWithState.stateFormatVersion -> 2, spark.sql.streaming.multipleWatermarkPolicy -> min, spark.sql.streaming.aggregation.stateFormatVersion -> 2, spark.sql.shuffle.partitions -> 200))
[2025-06-18T14:30:26.298+0000] {subprocess.py:93} INFO - 25/06/18 14:30:26 INFO KafkaOffsetReaderAdmin: Partitions added: Map()
[2025-06-18T14:30:26.358+0000] {subprocess.py:93} INFO - 25/06/18 14:30:26 INFO KafkaOffsetReaderAdmin: Partitions added: Map()
[2025-06-18T14:30:26.416+0000] {subprocess.py:93} INFO - 25/06/18 14:30:26 INFO KafkaOffsetReaderAdmin: Partitions added: Map()
[2025-06-18T14:30:26.419+0000] {subprocess.py:93} INFO - 25/06/18 14:30:26 INFO KafkaOffsetReaderAdmin: Partitions added: Map()
[2025-06-18T14:30:26.461+0000] {subprocess.py:93} INFO - 25/06/18 14:30:26 INFO FileStreamSinkLog: BatchIds found from listing:
[2025-06-18T14:30:26.512+0000] {subprocess.py:93} INFO - 25/06/18 14:30:26 INFO ParquetUtils: Using default output committer for Parquet: org.apache.parquet.hadoop.ParquetOutputCommitter
[2025-06-18T14:30:26.780+0000] {subprocess.py:93} INFO - 25/06/18 14:30:26 INFO CodeGenerator: Code generated in 149.800489 ms
[2025-06-18T14:30:26.889+0000] {subprocess.py:93} INFO - 25/06/18 14:30:26 INFO SparkContext: Starting job: start at NativeMethodAccessorImpl.java:0
[2025-06-18T14:30:26.905+0000] {subprocess.py:93} INFO - 25/06/18 14:30:26 INFO DAGScheduler: Got job 0 (start at NativeMethodAccessorImpl.java:0) with 1 output partitions
[2025-06-18T14:30:26.905+0000] {subprocess.py:93} INFO - 25/06/18 14:30:26 INFO DAGScheduler: Final stage: ResultStage 0 (start at NativeMethodAccessorImpl.java:0)
[2025-06-18T14:30:26.906+0000] {subprocess.py:93} INFO - 25/06/18 14:30:26 INFO DAGScheduler: Parents of final stage: List()
[2025-06-18T14:30:26.907+0000] {subprocess.py:93} INFO - 25/06/18 14:30:26 INFO DAGScheduler: Missing parents: List()
[2025-06-18T14:30:26.908+0000] {subprocess.py:93} INFO - 25/06/18 14:30:26 INFO DAGScheduler: Submitting ResultStage 0 (MapPartitionsRDD[3] at start at NativeMethodAccessorImpl.java:0), which has no missing parents
[2025-06-18T14:30:27.007+0000] {subprocess.py:93} INFO - 25/06/18 14:30:27 INFO MemoryStore: Block broadcast_0 stored as values in memory (estimated size 231.3 KiB, free 434.2 MiB)
[2025-06-18T14:30:27.045+0000] {subprocess.py:93} INFO - 25/06/18 14:30:27 INFO MemoryStore: Block broadcast_0_piece0 stored as bytes in memory (estimated size 83.0 KiB, free 434.1 MiB)
[2025-06-18T14:30:27.047+0000] {subprocess.py:93} INFO - 25/06/18 14:30:27 INFO BlockManagerInfo: Added broadcast_0_piece0 in memory on 8f5a4a69d045:34289 (size: 83.0 KiB, free: 434.3 MiB)
[2025-06-18T14:30:27.054+0000] {subprocess.py:93} INFO - 25/06/18 14:30:27 INFO SparkContext: Created broadcast 0 from broadcast at DAGScheduler.scala:1580
[2025-06-18T14:30:27.070+0000] {subprocess.py:93} INFO - 25/06/18 14:30:27 INFO DAGScheduler: Submitting 1 missing tasks from ResultStage 0 (MapPartitionsRDD[3] at start at NativeMethodAccessorImpl.java:0) (first 15 tasks are for partitions Vector(0))
[2025-06-18T14:30:27.071+0000] {subprocess.py:93} INFO - 25/06/18 14:30:27 INFO TaskSchedulerImpl: Adding task set 0.0 with 1 tasks resource profile 0
