[2025-06-18T14:30:13.338+0000] {local_task_job_runner.py:120} INFO - ::group::Pre task execution logs
[2025-06-18T14:30:13.374+0000] {taskinstance.py:2076} INFO - Dependencies all met for dep_context=non-requeueable deps ti=<TaskInstance: lakehouse_ingest_pipeline.produce_csv_to_kafka manual__2025-06-18T14:30:12.468947+00:00 [queued]>
[2025-06-18T14:30:13.383+0000] {taskinstance.py:2076} INFO - Dependencies all met for dep_context=requeueable deps ti=<TaskInstance: lakehouse_ingest_pipeline.produce_csv_to_kafka manual__2025-06-18T14:30:12.468947+00:00 [queued]>
[2025-06-18T14:30:13.384+0000] {taskinstance.py:2306} INFO - Starting attempt 1 of 2
[2025-06-18T14:30:13.397+0000] {taskinstance.py:2330} INFO - Executing <Task(BashOperator): produce_csv_to_kafka> on 2025-06-18 14:30:12.468947+00:00
[2025-06-18T14:30:13.406+0000] {logging_mixin.py:188} WARNING - /home/***/.local/lib/python3.12/site-packages/***/task/task_runner/standard_task_runner.py:61 DeprecationWarning: This process (pid=184) is multi-threaded, use of fork() may lead to deadlocks in the child.
[2025-06-18T14:30:13.408+0000] {standard_task_runner.py:63} INFO - Started process 185 to run task
[2025-06-18T14:30:13.405+0000] {standard_task_runner.py:90} INFO - Running: ['***', 'tasks', 'run', 'lakehouse_ingest_pipeline', 'produce_csv_to_kafka', 'manual__2025-06-18T14:30:12.468947+00:00', '--job-id', '25', '--raw', '--subdir', 'DAGS_FOLDER/lakehouse_ingest_pipeline.py', '--cfg-path', '/tmp/tmpafj5ww0j']
[2025-06-18T14:30:13.412+0000] {standard_task_runner.py:91} INFO - Job 25: Subtask produce_csv_to_kafka
[2025-06-18T14:30:13.430+0000] {logging_mixin.py:188} WARNING - /home/***/.local/lib/python3.12/site-packages/***/settings.py:195 DeprecationWarning: The sql_alchemy_conn option in [core] has been moved to the sql_alchemy_conn option in [database] - the old setting has been used, but please update your config.
[2025-06-18T14:30:13.478+0000] {task_command.py:426} INFO - Running <TaskInstance: lakehouse_ingest_pipeline.produce_csv_to_kafka manual__2025-06-18T14:30:12.468947+00:00 [running]> on host f1e12f7caf75
[2025-06-18T14:30:13.588+0000] {taskinstance.py:2648} INFO - Exporting env vars: AIRFLOW_CTX_DAG_OWNER='***' AIRFLOW_CTX_DAG_ID='lakehouse_ingest_pipeline' AIRFLOW_CTX_TASK_ID='produce_csv_to_kafka' AIRFLOW_CTX_EXECUTION_DATE='2025-06-18T14:30:12.468947+00:00' AIRFLOW_CTX_TRY_NUMBER='1' AIRFLOW_CTX_DAG_RUN_ID='manual__2025-06-18T14:30:12.468947+00:00'
[2025-06-18T14:30:13.590+0000] {taskinstance.py:430} INFO - ::endgroup::
[2025-06-18T14:30:13.633+0000] {subprocess.py:63} INFO - Tmp dir root location: /tmp
[2025-06-18T14:30:13.634+0000] {subprocess.py:75} INFO - Running command: ['/usr/bin/bash', '-c', 'python /opt/***/tools/produce_csv_to_kafka.py --bootstrap-server kafka:9092 --topic footware_sales --file /opt/***/data/FootWare_Sales_Dataset/FootWare_Wholesale_Sales_Dataset.csv']
[2025-06-18T14:30:13.643+0000] {subprocess.py:86} INFO - Output:
[2025-06-18T14:30:15.180+0000] {subprocess.py:97} INFO - Command exited with return code 0
[2025-06-18T14:30:15.182+0000] {taskinstance.py:441} INFO - ::group::Post task execution logs
[2025-06-18T14:30:15.216+0000] {taskinstance.py:1206} INFO - Marking task as SUCCESS. dag_id=lakehouse_ingest_pipeline, task_id=produce_csv_to_kafka, run_id=manual__2025-06-18T14:30:12.468947+00:00, execution_date=20250618T143012, start_date=20250618T143013, end_date=20250618T143015
[2025-06-18T14:30:15.271+0000] {local_task_job_runner.py:240} INFO - Task exited with return code 0
[2025-06-18T14:30:15.294+0000] {taskinstance.py:3503} INFO - 1 downstream tasks scheduled from follow-on schedule check
[2025-06-18T14:30:15.296+0000] {local_task_job_runner.py:222} INFO - ::endgroup::
